2026-07-04 18:41:24, MOVE, v:1, k:ed@pilhado, mode:PICK
2026-07-04 18:41:26, EXEC, v:1, k:ed@pilhado, mode:FREE
2026-07-04 18:41:39, EXEC, v:1, k:ed@pilhado, mode:FULL, rate:0
2026-07-04 19:05:27, MOVE, v:1, k:ed@pilhado, mode:BACK
2026-07-04 19:05:47, MOVE, v:1, k:ed@balanceada, mode:DOWN
2026-07-04 19:05:48, MOVE, v:1, k:ed@balanceada, mode:PICK
2026-07-04 19:05:47, MOVE, v:1, k:ed@balanceada, mode:EDIT
2026-07-04 19:09:02, EXEC, v:1, k:ed@balanceada, mode:FULL, size:16, fail:COMP
2026-07-04 19:09:13, EXEC, v:1, k:ed@balanceada, mode:FULL, rate:0, size:16
2026-07-04 19:09:48, EXEC, v:1, k:ed@balanceada, mode:FULL, rate:50, size:17
2026-07-04 19:10:46, EXEC, v:1, k:ed@balanceada, mode:FULL, rate:50, size:43
2026-07-04 19:10:47, EXEC, v:1, k:ed@balanceada, mode:FULL, rate:50
2026-07-04 19:10:45, MOVE, v:1, k:ed@balanceada, mode:EDIT
2026-07-04 19:15:55, EXEC, v:1, k:ed@balanceada, mode:FULL, size:53, fail:COMP
2026-07-04 19:15:56, EXEC, v:1, k:ed@balanceada, mode:FULL, fail:COMP
2026-07-04 19:15:53, MOVE, v:1, k:ed@balanceada, mode:EDIT
2026-07-04 19:17:23, EXEC, v:1, k:ed@balanceada, mode:FULL, rate:20, size:53
2026-07-04 19:21:18, MOVE, v:1, k:ed@balanceada, mode:EDIT
2026-07-04 19:23:29, EXEC, v:1, k:ed@balanceada, mode:FULL, rate:50, size:35
2026-07-04 19:23:30, EXEC, v:1, k:ed@balanceada, mode:FULL, rate:50
2026-07-04 19:24:50, EXEC, v:1, k:ed@balanceada, mode:FULL, rate:100, size:37
2026-07-04 19:24:51, MOVE, v:1, k:ed@balanceada, mode:BACK
2026-07-04 19:24:55, SELF, v:1, k:ed@balanceada, self:1, rate:100
2026-07-04 19:26:08, MOVE, v:1, k:ed@caminho, mode:DOWN
2026-07-04 19:26:09, MOVE, v:1, k:ed@caminho, mode:PICK
2026-07-04 19:24:48, MOVE, v:1, k:ed@balanceada, mode:EDIT
2026-07-04 19:26:08, MOVE, v:1, k:ed@caminho, mode:EDIT
2026-07-04 19:26:08, MOVE, v:1, k:ed@caminho, mode:EDIT
2026-07-04 19:26:08, MOVE, v:1, k:ed@caminho, mode:EDIT
2026-07-04 19:29:21, MOVE, v:1, k:ed@caminho, mode:BACK
2026-07-04 20:39:35, MOVE, v:1, k:ed@pintura, mode:PICK
2026-07-04 20:39:49, EXEC, v:1, k:ed@pintura, mode:FULL, rate:0
2026-07-04 20:45:38, EXEC, v:1, k:ed@pintura, mode:FULL, rate:100, size:78
2026-07-04 20:46:01, MOVE, v:1, k:ed@pintura, mode:BACK
2026-07-04 20:46:04, SELF, v:1, k:ed@pintura, self:1, rate:100
2026-07-04 20:46:28, MOVE, v:1, k:ed@battleship, mode:DOWN
2026-07-04 20:46:29, MOVE, v:1, k:ed@battleship, mode:PICK
2026-07-04 20:45:37, MOVE, v:1, k:ed@pintura, mode:EDIT
2026-07-04 20:46:28, MOVE, v:1, k:ed@battleship, mode:EDIT
2026-07-04 20:49:13, MOVE, v:1, k:ed@battleship, mode:EDIT
2026-07-04 20:51:56, EXEC, v:1, k:ed@battleship, mode:FULL, rate:0, size:60
2026-07-04 20:51:57, EXEC, v:1, k:ed@battleship, mode:FULL, rate:0
2026-07-04 20:52:37, EXEC, v:1, k:ed@battleship, mode:FULL, rate:0, size:63
2026-07-04 20:52:38, EXEC, v:1, k:ed@battleship, mode:FULL, rate:50
2026-07-04 20:52:37, MOVE, v:1, k:ed@battleship, mode:EDIT
2026-07-04 20:55:42, EXEC, v:1, k:ed@battleship, mode:FULL, rate:0, size:65
2026-07-04 20:55:42, EXEC, v:1, k:ed@battleship, mode:FULL, rate:0, size:65
2026-07-04 20:56:15, EXEC, v:1, k:ed@battleship, mode:FULL, rate:100, size:69
2026-07-04 20:56:38, MOVE, v:1, k:ed@battleship, mode:BACK
2026-07-04 20:56:41, SELF, v:1, k:ed@battleship, self:1, rate:100
2026-07-04 20:56:57, SELF, v:1, k:ed@battleship, self:1, rate:100, guided:1, concept:1, problem:1, code:1, debug:1, refactor:1
2026-07-04 20:57:04, SELF, v:1, k:ed@battleship, self:1, rate:100
2026-07-04 20:56:15, MOVE, v:1, k:ed@battleship, mode:EDIT
2026-07-04 21:03:46, MOVE, v:1, k:ed@permutacoes, mode:DOWN
2026-07-04 21:03:54, MOVE, v:1, k:ed@permutacoes, mode:PICK
2026-07-04 21:03:46, MOVE, v:1, k:ed@permutacoes, mode:EDIT
2026-07-04 21:03:46, MOVE, v:1, k:ed@permutacoes, mode:EDIT
