2026-07-06 15:45:00, MOVE, v:1, k:ed@caminho, mode:PICK
2026-07-06 16:04:09, MOVE, v:1, k:ed@caminho, mode:EDIT
2026-07-06 16:05:37, MOVE, v:1, k:ed@caminho, mode:EDIT
2026-07-06 16:04:41, MOVE, v:1, k:ed@caminho, mode:EDIT
2026-07-06 16:13:35, MOVE, v:1, k:ed@caminho, mode:EDIT
2026-07-06 16:19:12, MOVE, v:1, k:ed@caminho, mode:EDIT
2026-07-06 16:24:12, MOVE, v:1, k:ed@caminho, mode:EDIT
2026-07-06 16:24:16, EXEC, v:1, k:ed@caminho, mode:FULL, rate:0, size:153
2026-07-06 16:24:53, EXEC, v:1, k:ed@caminho, mode:FULL, rate:0, size:153
2026-07-06 16:24:55, EXEC, v:1, k:ed@caminho, mode:FULL, rate:0
2026-07-06 16:25:49, EXEC, v:1, k:ed@caminho, mode:FULL, rate:0
2026-07-06 16:28:16, EXEC, v:1, k:ed@caminho, mode:FULL, rate:0, size:154
2026-07-06 16:28:17, EXEC, v:1, k:ed@caminho, mode:FULL, rate:0
2026-07-06 16:28:13, MOVE, v:1, k:ed@caminho, mode:EDIT
2026-07-06 16:29:40, EXEC, v:1, k:ed@caminho, mode:FULL, rate:100, size:155
2026-07-06 16:29:41, MOVE, v:1, k:ed@caminho, mode:BACK
2026-07-06 16:29:45, SELF, v:1, k:ed@caminho, self:1, rate:100
2026-07-06 16:30:12, SELF, v:1, k:ed@caminho, self:1, rate:100, code:1
2026-07-06 16:30:17, SELF, v:1, k:ed@caminho, self:1, rate:100
2026-07-06 16:31:08, MOVE, v:1, k:ed@detonate, mode:DOWN
2026-07-06 16:31:08, MOVE, v:1, k:ed@detonate, mode:PICK
2026-07-06 16:29:33, MOVE, v:1, k:ed@caminho, mode:EDIT
2026-07-06 16:31:08, MOVE, v:1, k:ed@detonate, mode:EDIT
2026-07-06 16:34:11, MOVE, v:1, k:ed@detonate, mode:EDIT
2026-07-06 16:34:29, MOVE, v:1, k:ed@detonate, mode:EDIT
2026-07-06 16:44:10, MOVE, v:1, k:ed@detonate, mode:EDIT
2026-07-06 16:44:28, MOVE, v:1, k:ed@detonate, mode:BACK
2026-07-06 19:19:48, MOVE, v:1, k:ed@detonate, mode:PICK
2026-07-06 19:19:48, EXEC, v:1, k:ed@detonate, mode:FULL, rate:0, size:24
2026-07-06 19:24:44, MOVE, v:1, k:ed@detonate, mode:EDIT
2026-07-06 19:25:09, MOVE, v:1, k:ed@detonate, mode:EDIT
2026-07-06 19:34:58, MOVE, v:1, k:ed@detonate, mode:BACK
2026-07-06 19:37:13, MOVE, v:1, k:ed@subset_sum, mode:PICK
2026-07-06 19:44:42, MOVE, v:1, k:ed@subset_sum, mode:EDIT
2026-07-06 19:46:16, EXEC, v:1, k:ed@subset_sum, mode:FULL, rate:24, size:42
2026-07-06 19:49:40, EXEC, v:1, k:ed@subset_sum, mode:FULL, rate:64, size:46
2026-07-06 19:49:39, MOVE, v:1, k:ed@subset_sum, mode:EDIT
2026-07-06 19:53:00, EXEC, v:1, k:ed@subset_sum, mode:FULL, rate:100, size:46
2026-07-06 19:53:01, MOVE, v:1, k:ed@subset_sum, mode:BACK
2026-07-06 19:53:04, SELF, v:1, k:ed@subset_sum, self:1, rate:100
2026-07-06 19:52:58, MOVE, v:1, k:ed@subset_sum, mode:EDIT
2026-07-06 19:57:07, SELF, v:1, k:ed@editor, self:1
2026-07-06 19:57:10, MOVE, v:1, k:ed@editor, mode:PICK
2026-07-06 19:57:12, MOVE, v:1, k:ed@editor, mode:BACK
2026-07-06 19:57:32, SELF, v:1, k:ed@editor, self:1
2026-07-06 19:57:32, MOVE, v:1, k:ed@editor, mode:PICK
2026-07-06 19:57:32, EXEC, v:1, k:ed@editor, mode:FULL, rate:0
2026-07-06 19:57:32, EXEC, v:1, k:ed@editor, mode:FULL, rate:0
2026-07-06 19:57:32, EXEC, v:1, k:ed@editor, mode:FULL, rate:0
2026-07-06 19:57:32, EXEC, v:1, k:ed@editor, mode:FULL, rate:0
2026-07-06 19:57:33, EXEC, v:1, k:ed@editor, mode:FULL, rate:0
2026-07-06 19:57:33, EXEC, v:1, k:ed@editor, mode:FULL, rate:0
2026-07-06 19:57:33, EXEC, v:1, k:ed@editor, mode:FULL, rate:0
2026-07-06 19:57:33, EXEC, v:1, k:ed@editor, mode:FULL, rate:0
2026-07-06 19:57:33, EXEC, v:1, k:ed@editor, mode:FULL, rate:0
2026-07-06 19:57:33, MOVE, v:1, k:ed@editor, mode:BACK
2026-07-06 19:58:11, MOVE, v:1, k:ed@lista_d3, mode:DOWN
2026-07-06 19:58:11, MOVE, v:1, k:ed@lista_d3, mode:PICK
2026-07-06 19:58:11, MOVE, v:1, k:ed@lista_d3, mode:EDIT
2026-07-06 19:59:37, MOVE, v:1, k:ed@lista_d3, mode:EDIT
2026-07-06 19:59:51, EXEC, v:1, k:ed@lista_d3, mode:FULL, size:128, fail:COMP
2026-07-06 19:59:52, EXEC, v:1, k:ed@lista_d3, mode:FULL, fail:COMP
2026-07-06 20:02:46, EXEC, v:1, k:ed@lista_d3, mode:FULL, rate:0, size:123
2026-07-06 20:04:45, EXEC, v:1, k:ed@lista_d3, mode:FULL, rate:25, size:134
2026-07-06 20:04:44, MOVE, v:1, k:ed@lista_d3, mode:EDIT
2026-07-06 20:09:48, MOVE, v:1, k:ed@lista_d3, mode:EDIT
2026-07-06 20:11:09, MOVE, v:1, k:ed@lista_d3, mode:EDIT
2026-07-06 20:19:48, MOVE, v:1, k:ed@lista_d3, mode:EDIT
2026-07-06 20:20:37, EXEC, v:1, k:ed@lista_d3, mode:FULL, rate:25, size:162
2026-07-06 20:23:09, EXEC, v:1, k:ed@lista_d3, mode:FULL, size:166, fail:COMP
2026-07-06 20:23:10, EXEC, v:1, k:ed@lista_d3, mode:FULL, fail:COMP
2026-07-06 20:23:36, EXEC, v:1, k:ed@lista_d3, mode:FULL, rate:25, size:166
2026-07-06 20:24:48, MOVE, v:1, k:ed@lista_d3, mode:EDIT
2026-07-06 20:25:00, EXEC, v:1, k:ed@lista_d3, mode:FULL, rate:25, size:176
2026-07-06 20:25:13, EXEC, v:1, k:ed@lista_d3, mode:FULL, rate:25, size:176
2026-07-06 20:26:25, EXEC, v:1, k:ed@lista_d3, mode:FULL, rate:25, size:176
2026-07-06 20:26:28, EXEC, v:1, k:ed@lista_d3, mode:FULL, rate:25
2026-07-06 20:29:46, MOVE, v:1, k:ed@lista_d3, mode:EDIT
2026-07-06 20:32:54, EXEC, v:1, k:ed@lista_d3, mode:FULL, rate:25, size:177
2026-07-06 20:33:42, EXEC, v:1, k:ed@lista_d3, mode:FULL, rate:25, size:190
2026-07-06 20:33:49, EXEC, v:1, k:ed@lista_d3, mode:FULL, rate:25, size:190
2026-07-06 20:33:52, EXEC, v:1, k:ed@lista_d3, mode:FULL, rate:50
2026-07-06 20:33:49, MOVE, v:1, k:ed@lista_d3, mode:EDIT
2026-07-06 20:38:31, EXEC, v:1, k:ed@lista_d3, mode:FULL, size:201, fail:COMP
2026-07-06 20:38:32, EXEC, v:1, k:ed@lista_d3, mode:FULL, fail:COMP
2026-07-06 20:39:38, EXEC, v:1, k:ed@lista_d3, mode:FULL, rate:75, size:201
2026-07-06 20:39:37, MOVE, v:1, k:ed@lista_d3, mode:EDIT
2026-07-06 20:41:11, EXEC, v:1, k:ed@lista_d3, mode:FULL, rate:100, size:212
2026-07-06 20:41:12, MOVE, v:1, k:ed@lista_d3, mode:BACK
2026-07-06 20:41:14, SELF, v:1, k:ed@lista_d3, self:1, rate:100
2026-07-06 20:41:09, MOVE, v:1, k:ed@lista_d3, mode:EDIT
2026-07-06 20:47:41, MOVE, v:1, k:ed@manipulacao, mode:PICK
2026-07-06 20:47:43, EXEC, v:1, k:ed@manipulacao, mode:FULL, rate:14
2026-07-06 20:49:43, MOVE, v:1, k:ed@manipulacao, mode:EDIT
2026-07-06 20:50:07, EXEC, v:1, k:ed@manipulacao, mode:FULL, rate:14, size:144
2026-07-06 20:52:54, EXEC, v:1, k:ed@manipulacao, mode:FULL, rate:42, size:144
2026-07-06 20:53:26, EXEC, v:1, k:ed@manipulacao, mode:FULL, rate:57, size:144
2026-07-06 20:53:40, EXEC, v:1, k:ed@manipulacao, mode:FULL, rate:57
2026-07-06 20:53:50, EXEC, v:1, k:ed@manipulacao, mode:FULL, rate:57, size:145
2026-07-06 20:53:48, MOVE, v:1, k:ed@manipulacao, mode:EDIT
2026-07-06 20:57:48, EXEC, v:1, k:ed@manipulacao, mode:FULL, rate:57, size:154
2026-07-06 20:58:24, EXEC, v:1, k:ed@manipulacao, mode:FULL, rate:57, size:156
2026-07-06 20:58:38, EXEC, v:1, k:ed@manipulacao, mode:FULL, rate:57, size:156
2026-07-06 20:59:51, MOVE, v:1, k:ed@manipulacao, mode:EDIT
2026-07-06 21:00:35, EXEC, v:1, k:ed@manipulacao, mode:FULL, rate:57, size:159
2026-07-06 21:00:47, EXEC, v:1, k:ed@manipulacao, mode:FULL, rate:57, size:159
