2026-04-23 18:48:59, SELF, v:1, k:ed@vetbuild, self:1, rate:100, study:255, concept:1, problem:1, debug:1
2026-04-23 18:55:40, MOVE, v:1, k:ed@setbuild, mode:DOWN
2026-04-23 18:55:41, MOVE, v:1, k:ed@setbuild, mode:PICK
2026-04-23 18:56:55, MOVE, v:1, k:ed@setbuild, mode:BACK
2026-04-23 18:56:57, MOVE, v:1, k:ed@setbuild, mode:PICK
2026-04-23 18:55:40, MOVE, v:1, k:ed@setbuild, mode:EDIT
2026-04-23 18:55:40, MOVE, v:1, k:ed@setbuild, mode:EDIT
2026-04-23 18:56:16, MOVE, v:1, k:ed@setbuild, mode:EDIT
2026-04-23 18:55:40, MOVE, v:1, k:ed@setbuild, mode:EDIT
2026-04-23 19:02:12, MOVE, v:1, k:ed@setbuild, mode:EDIT
2026-04-23 19:07:15, MOVE, v:1, k:ed@setbuild, mode:EDIT
2026-04-23 19:10:01, EXEC, v:1, k:ed@setbuild, mode:FULL, size:65, fail:COMP
2026-04-23 19:10:30, EXEC, v:1, k:ed@setbuild, mode:FULL, rate:0, size:65
2026-04-23 19:12:16, MOVE, v:1, k:ed@setbuild, mode:EDIT
2026-04-23 19:13:10, MOVE, v:1, k:ed@setbuild, mode:EDIT
2026-04-23 19:41:04, EXEC, v:1, k:ed@setbuild, mode:FULL, rate:0, size:77
2026-04-23 19:41:08, EXEC, v:1, k:ed@setbuild, mode:FULL, rate:0
2026-04-23 19:40:48, MOVE, v:1, k:ed@setbuild, mode:EDIT
2026-04-23 19:43:05, EXEC, v:1, k:ed@setbuild, mode:FULL, rate:0, size:77
2026-04-23 19:43:14, EXEC, v:1, k:ed@setbuild, mode:FULL, rate:0, size:77
2026-04-23 19:46:28, MOVE, v:1, k:ed@setbuild, mode:EDIT
2026-04-23 19:48:59, MOVE, v:1, k:ed@setbuild, mode:EDIT
2026-04-23 19:57:17, MOVE, v:1, k:ed@setbuild, mode:EDIT
2026-04-23 20:02:09, MOVE, v:1, k:ed@setbuild, mode:EDIT
2026-04-23 20:07:18, EXEC, v:1, k:ed@setbuild, mode:FULL, rate:0, size:111
2026-04-23 20:07:16, MOVE, v:1, k:ed@setbuild, mode:EDIT
2026-04-23 20:10:15, EXEC, v:1, k:ed@setbuild, mode:FULL, rate:0, size:111
2026-04-23 20:11:02, EXEC, v:1, k:ed@setbuild, mode:FULL, rate:0, size:111
2026-04-23 20:11:53, EXEC, v:1, k:ed@setbuild, mode:FULL, rate:0, size:111
2026-04-23 20:11:53, MOVE, v:1, k:ed@setbuild, mode:EDIT
2026-04-23 20:13:20, EXEC, v:1, k:ed@setbuild, mode:FULL, rate:0, size:113
2026-04-23 20:13:28, EXEC, v:1, k:ed@setbuild, mode:FULL, rate:0, size:113
2026-04-23 20:16:35, EXEC, v:1, k:ed@setbuild, mode:FULL, rate:0, size:114
2026-04-23 20:16:31, MOVE, v:1, k:ed@setbuild, mode:EDIT
2026-04-23 20:18:54, EXEC, v:1, k:ed@setbuild, mode:FULL, rate:33, size:114
2026-04-23 20:22:17, MOVE, v:1, k:ed@setbuild, mode:EDIT
2026-04-23 20:25:54, EXEC, v:1, k:ed@setbuild, mode:FULL, size:135, fail:COMP
2026-04-23 20:25:56, EXEC, v:1, k:ed@setbuild, mode:FULL, fail:COMP
2026-04-23 20:27:19, MOVE, v:1, k:ed@setbuild, mode:EDIT
2026-04-23 20:27:29, EXEC, v:1, k:ed@setbuild, mode:FULL, size:139, fail:COMP
2026-04-23 20:28:06, EXEC, v:1, k:ed@setbuild, mode:FULL, size:141, fail:COMP
2026-04-23 20:28:07, EXEC, v:1, k:ed@setbuild, mode:FULL, fail:COMP
2026-04-23 20:31:40, EXEC, v:1, k:ed@setbuild, mode:FULL, rate:33, size:141
2026-04-23 20:31:33, MOVE, v:1, k:ed@setbuild, mode:EDIT
2026-04-23 20:32:36, EXEC, v:1, k:ed@setbuild, mode:FULL, rate:33, size:141
2026-04-23 20:33:03, EXEC, v:1, k:ed@setbuild, mode:FULL, rate:66, size:141
2026-04-23 20:37:02, EXEC, v:1, k:ed@setbuild, mode:FULL, rate:100, size:157
2026-04-23 20:36:59, MOVE, v:1, k:ed@setbuild, mode:EDIT
2026-04-23 20:39:58, MOVE, v:1, k:ed@setbuild, mode:BACK
2026-04-23 20:40:07, MOVE, v:1, k:ed@setbuild, mode:PICK
2026-04-23 20:40:07, EXEC, v:1, k:ed@setbuild, mode:FULL, rate:100
2026-04-23 20:40:09, MOVE, v:1, k:ed@setbuild, mode:BACK
2026-04-23 20:40:39, SELF, v:1, k:ed@setbuild, self:1, rate:100, study:60, concept:1, problem:1, debug:1, refactor:1
2026-04-23 20:40:49, SELF, v:1, k:ed@vetbuild, self:1, rate:100, study:255, concept:1, problem:1, debug:1, refactor:1
2026-04-23 22:41:36, MOVE, v:1, k:ed@multiset, mode:DOWN
2026-04-23 22:41:37, MOVE, v:1, k:ed@multiset, mode:PICK
2026-04-23 22:41:36, MOVE, v:1, k:ed@multiset, mode:EDIT
2026-04-23 22:41:36, MOVE, v:1, k:ed@multiset, mode:EDIT
2026-04-23 22:41:36, MOVE, v:1, k:ed@multiset, mode:EDIT
2026-04-23 22:41:36, MOVE, v:1, k:ed@multiset, mode:EDIT
2026-04-23 22:44:24, MOVE, v:1, k:ed@multiset, mode:EDIT
2026-04-23 22:47:19, MOVE, v:1, k:ed@multiset, mode:EDIT
2026-04-23 22:52:21, MOVE, v:1, k:ed@multiset, mode:EDIT
2026-04-23 22:52:34, EXEC, v:1, k:ed@multiset, mode:FULL, rate:0, size:74
2026-04-23 22:54:10, EXEC, v:1, k:ed@multiset, mode:FULL, rate:0, size:78
2026-04-23 22:57:24, MOVE, v:1, k:ed@multiset, mode:EDIT
2026-04-23 23:01:52, EXEC, v:1, k:ed@multiset, mode:FULL, size:100, fail:COMP
2026-04-23 23:02:16, MOVE, v:1, k:ed@multiset, mode:EDIT
2026-04-23 23:02:26, EXEC, v:1, k:ed@multiset, mode:FULL, rate:0, size:100
2026-04-23 23:03:14, EXEC, v:1, k:ed@multiset, mode:FULL, rate:0, size:100
2026-04-23 23:06:14, EXEC, v:1, k:ed@multiset, mode:FULL, rate:0, size:118
2026-04-23 23:06:54, EXEC, v:1, k:ed@multiset, mode:FULL, rate:0, size:118
2026-04-23 23:07:17, EXEC, v:1, k:ed@multiset, mode:FULL, rate:0, size:118
2026-04-23 23:07:18, EXEC, v:1, k:ed@multiset, mode:FULL, rate:0
2026-04-23 23:07:16, MOVE, v:1, k:ed@multiset, mode:EDIT
2026-04-23 23:08:33, EXEC, v:1, k:ed@multiset, mode:FULL, rate:0, size:120
2026-04-23 23:09:47, MOVE, v:1, k:ed@multiset, mode:BACK
2026-04-23 23:09:52, MOVE, v:1, k:ed@multiset, mode:PICK
2026-04-23 23:09:55, EXEC, v:1, k:ed@multiset, mode:FULL, rate:0, size:120
2026-04-23 23:11:40, EXEC, v:1, k:ed@multiset, mode:FULL, rate:16, size:120
2026-04-23 23:12:23, MOVE, v:1, k:ed@multiset, mode:EDIT
2026-04-23 23:13:27, EXEC, v:1, k:ed@multiset, mode:FULL, rate:16, size:128
2026-04-23 23:13:54, EXEC, v:1, k:ed@multiset, mode:FULL, rate:16, size:128
2026-04-23 23:15:55, EXEC, v:1, k:ed@multiset, mode:FULL, rate:16, size:137
2026-04-23 23:16:26, EXEC, v:1, k:ed@multiset, mode:FULL, rate:33, size:138
2026-04-23 23:16:16, MOVE, v:1, k:ed@multiset, mode:EDIT
2026-04-23 23:18:46, MOVE, v:1, k:ed@multiset, mode:PICK
2026-04-23 23:18:47, EXEC, v:1, k:ed@multiset, mode:FULL, size:142, fail:COMP
2026-04-23 23:19:08, EXEC, v:1, k:ed@multiset, mode:FULL, rate:33, size:144
2026-04-23 23:23:43, MOVE, v:1, k:ed@multiset, mode:EDIT
2026-04-23 23:25:38, EXEC, v:1, k:ed@multiset, mode:FULL, size:154, fail:COMP
2026-04-23 23:25:48, EXEC, v:1, k:ed@multiset, mode:FULL, rate:50, size:154
2026-04-23 23:28:40, MOVE, v:1, k:ed@multiset, mode:EDIT
2026-04-23 23:29:36, EXEC, v:1, k:ed@multiset, mode:FULL, rate:66, size:165
2026-04-23 23:33:45, MOVE, v:1, k:ed@multiset, mode:EDIT
2026-04-23 23:35:08, EXEC, v:1, k:ed@multiset, mode:FULL, rate:66, size:175
2026-04-23 23:35:45, EXEC, v:1, k:ed@multiset, mode:FULL, rate:83, size:176
2026-04-23 23:36:59, EXEC, v:1, k:ed@multiset, mode:FULL, rate:83, size:177
2026-04-23 23:36:57, MOVE, v:1, k:ed@multiset, mode:EDIT
2026-04-23 23:38:53, EXEC, v:1, k:ed@multiset, mode:FULL, rate:100, size:177
2026-04-23 23:39:52, MOVE, v:1, k:ed@multiset, mode:BACK
2026-04-23 23:40:22, MOVE, v:1, k:ed@multiset, mode:PICK
2026-04-23 23:40:25, EXEC, v:1, k:ed@multiset, mode:FULL, rate:100
2026-04-23 23:40:30, MOVE, v:1, k:ed@multiset, mode:BACK
2026-04-23 23:40:34, MOVE, v:1, k:ed@setbuild, mode:PICK
2026-04-23 23:40:35, EXEC, v:1, k:ed@setbuild, mode:FULL, rate:100
2026-04-23 23:38:51, MOVE, v:1, k:ed@multiset, mode:EDIT
