2026-03-10 13:43:00, MOVE, v:1, k:sandbox@user_001, mode:PICK
2026-03-10 13:43:08, EXEC, v:1, k:sandbox@user_001, mode:LOCK, rate:0, size:5
2026-03-10 13:44:46, EXEC, v:1, k:sandbox@user_001, mode:FREE
2026-03-10 13:44:56, EXEC, v:1, k:sandbox@user_001, mode:LOCK, rate:0
2026-03-10 13:44:57, EXEC, v:1, k:sandbox@user_001, mode:LOCK, rate:0
2026-03-10 13:45:02, EXEC, v:1, k:sandbox@user_001, mode:FREE, size:11
2026-03-10 13:45:26, MOVE, v:1, k:sandbox@user_001, mode:BACK
2026-03-10 13:54:06, MOVE, v:1, k:ed@princesa, mode:DOWN
2026-03-10 13:54:07, MOVE, v:1, k:ed@princesa, mode:PICK
2026-03-10 13:54:08, EXEC, v:1, k:ed@princesa, mode:FULL, rate:0, size:5
2026-03-10 14:04:05, EXEC, v:1, k:ed@princesa, mode:FULL, size:20, fail:COMP
2026-03-10 14:04:20, EXEC, v:1, k:ed@princesa, mode:FULL, rate:0, size:20
2026-03-10 14:04:44, EXEC, v:1, k:ed@princesa, mode:FULL, rate:0, size:20
2026-03-10 14:05:04, EXEC, v:1, k:ed@princesa, mode:FULL, rate:0, size:20
2026-03-10 14:05:27, EXEC, v:1, k:ed@princesa, mode:FULL, rate:0, size:20
2026-03-10 14:06:11, EXEC, v:1, k:ed@princesa, mode:FULL, size:22, fail:COMP
2026-03-10 14:06:24, EXEC, v:1, k:ed@princesa, mode:FULL, size:21, fail:COMP
2026-03-10 14:06:35, EXEC, v:1, k:ed@princesa, mode:FULL, rate:0, size:21
2026-03-10 14:07:31, EXEC, v:1, k:ed@princesa, mode:FULL, rate:0, size:24
2026-03-10 14:08:07, EXEC, v:1, k:ed@princesa, mode:FULL, rate:0, size:24
2026-03-10 14:08:32, MOVE, v:1, k:ed@princesa, mode:PICK
2026-03-10 14:08:59, EXEC, v:1, k:ed@princesa, mode:FULL, rate:0
2026-03-10 14:09:05, EXEC, v:1, k:ed@princesa, mode:FULL, rate:0, size:24
2026-03-10 14:10:40, EXEC, v:1, k:ed@princesa, mode:FULL, rate:0, size:25
2026-03-10 14:11:06, EXEC, v:1, k:ed@princesa, mode:FULL, rate:0, size:25
2026-03-10 14:11:46, EXEC, v:1, k:ed@princesa, mode:FULL, rate:0, size:25
2026-03-10 14:11:59, EXEC, v:1, k:ed@princesa, mode:FULL, rate:0, size:25
2026-03-10 14:12:03, EXEC, v:1, k:ed@princesa, mode:FULL, rate:0
2026-03-10 14:12:35, EXEC, v:1, k:ed@princesa, mode:FULL, rate:0, size:25
2026-03-10 14:18:08, EXEC, v:1, k:ed@princesa, mode:FULL, rate:0, size:23
2026-03-10 14:18:18, EXEC, v:1, k:ed@princesa, mode:FULL, rate:0, size:23
2026-03-10 14:25:33, EXEC, v:1, k:ed@princesa, mode:FULL, size:37, fail:COMP
