2026-05-19 09:23:32, MOVE, v:1, k:origin@ilhas, mode:DOWN
2026-05-19 09:23:32, MOVE, v:1, k:origin@ilhas, mode:PICK
2026-05-19 09:23:32, MOVE, v:1, k:origin@ilhas, mode:EDIT
2026-05-19 09:23:32, MOVE, v:1, k:origin@ilhas, mode:EDIT
2026-05-19 09:23:32, MOVE, v:1, k:origin@ilhas, mode:EDIT
2026-05-19 09:32:09, MOVE, v:1, k:origin@ilhas, mode:EDIT
2026-05-19 09:33:14, EXEC, v:1, k:origin@ilhas, mode:FULL, size:49, fail:COMP
2026-05-19 09:33:52, MOVE, v:1, k:origin@ilhas, mode:EDIT
2026-05-19 09:37:32, EXEC, v:1, k:origin@ilhas, mode:FULL, size:49, fail:COMP
2026-05-19 09:39:57, EXEC, v:1, k:origin@ilhas, mode:FULL, fail:COMP
2026-05-19 09:40:05, EXEC, v:1, k:origin@ilhas, mode:FULL, size:49, fail:COMP
2026-05-19 09:42:10, MOVE, v:1, k:origin@ilhas, mode:EDIT
2026-05-19 09:42:41, EXEC, v:1, k:origin@ilhas, mode:FULL, rate:0, size:46
2026-05-19 09:46:46, EXEC, v:1, k:origin@ilhas, mode:FULL, rate:0, size:55
2026-05-19 09:46:57, MOVE, v:1, k:origin@ilhas, mode:EDIT
2026-05-19 09:47:26, EXEC, v:1, k:origin@ilhas, mode:FULL, rate:0, size:57
2026-05-19 09:48:03, EXEC, v:1, k:origin@ilhas, mode:FULL, rate:0
2026-05-19 09:50:33, EXEC, v:1, k:origin@ilhas, mode:FULL, rate:0, size:57
2026-05-19 09:51:09, EXEC, v:1, k:origin@ilhas, mode:FULL, rate:0, size:59
2026-05-19 09:51:07, MOVE, v:1, k:origin@ilhas, mode:EDIT
2026-05-19 09:56:29, EXEC, v:1, k:origin@ilhas, mode:FULL, rate:100, size:62
2026-05-19 09:56:18, MOVE, v:1, k:origin@ilhas, mode:EDIT
2026-05-19 09:58:16, MOVE, v:1, k:origin@ilhas, mode:BACK
2026-05-19 09:58:21, SELF, v:1, k:origin@ilhas, self:1, rate:100
2026-05-19 10:00:20, MOVE, v:1, k:origin@ilhas, mode:PICK
2026-05-19 10:16:50, MOVE, v:1, k:origin@ilhas, mode:PICK
2026-05-19 10:17:12, MOVE, v:1, k:origin@ilhas, mode:BACK
2026-05-19 10:17:18, MOVE, v:1, k:ed@ilhas, mode:DOWN
2026-05-19 10:17:19, MOVE, v:1, k:ed@ilhas, mode:PICK
2026-05-19 10:17:34, EXEC, v:1, k:ed@ilhas, mode:FULL, rate:100, size:62
2026-05-19 10:17:35, MOVE, v:1, k:ed@ilhas, mode:BACK
2026-05-19 10:17:40, SELF, v:1, k:ed@ilhas, self:1, rate:100
2026-05-19 10:19:26, MOVE, v:1, k:ed@distancia, mode:PICK
2026-05-19 10:17:18, MOVE, v:1, k:ed@ilhas, mode:EDIT
2026-05-19 10:17:18, MOVE, v:1, k:ed@ilhas, mode:EDIT
2026-05-19 10:17:31, MOVE, v:1, k:ed@ilhas, mode:EDIT
2026-05-19 10:44:27, MOVE, v:1, k:ed@distancia, mode:BACK
