2026-05-02 10:40:34, MOVE, v:1, k:ed@lista_d2, mode:PICK
2026-05-02 10:40:36, EXEC, v:1, k:ed@lista_d2, mode:FULL, rate:0
2026-05-02 10:44:52, MOVE, v:1, k:ed@lista_d2, mode:EDIT
2026-05-02 10:49:06, EXEC, v:1, k:ed@lista_d2, mode:FULL, rate:0, size:189
2026-05-02 10:49:00, MOVE, v:1, k:ed@lista_d2, mode:EDIT
2026-05-02 10:55:06, MOVE, v:1, k:ed@lista_d2, mode:BACK
2026-05-02 10:55:07, MOVE, v:1, k:ed@lista_d1, mode:PICK
2026-05-02 10:54:54, MOVE, v:1, k:ed@lista_d2, mode:EDIT
2026-05-02 10:56:47, EXEC, v:1, k:ed@lista_d1, mode:FULL, rate:100
2026-05-02 10:56:51, MOVE, v:1, k:ed@lista_d1, mode:BACK
2026-05-02 10:56:52, MOVE, v:1, k:ed@lista_d2, mode:PICK
2026-05-02 10:56:53, EXEC, v:1, k:ed@lista_d2, mode:FULL, rate:20, size:201
2026-05-02 10:56:45, MOVE, v:1, k:ed@lista_d2, mode:EDIT
2026-05-02 11:06:30, EXEC, v:1, k:ed@lista_d2, mode:FULL, rate:40, size:213
2026-05-02 11:07:10, MOVE, v:1, k:ed@lista_d2, mode:EDIT
2026-05-02 11:10:46, EXEC, v:1, k:ed@lista_d2, mode:FULL, rate:40, size:226
2026-05-02 11:12:08, EXEC, v:1, k:ed@lista_d2, mode:FULL, rate:40
2026-05-02 11:13:36, MOVE, v:1, k:ed@lista_d2, mode:EDIT
2026-05-02 11:14:21, EXEC, v:1, k:ed@lista_d2, mode:FULL, rate:60, size:226
2026-05-02 11:16:45, EXEC, v:1, k:ed@lista_d2, mode:FULL, rate:80, size:228
2026-05-02 11:16:35, MOVE, v:1, k:ed@lista_d2, mode:EDIT
2026-05-02 11:21:00, EXEC, v:1, k:ed@lista_d2, mode:FULL, rate:80, size:228
2026-05-02 11:21:27, EXEC, v:1, k:ed@lista_d2, mode:FULL, rate:80
2026-05-02 11:21:50, EXEC, v:1, k:ed@lista_d2, mode:FREE
2026-05-02 11:20:59, MOVE, v:1, k:ed@lista_d2, mode:EDIT
2026-05-02 11:41:52, EXEC, v:1, k:ed@lista_d2, mode:FULL, rate:20, size:228
2026-05-02 11:41:52, EXEC, v:1, k:ed@lista_d2, mode:FREE, size:228
2026-05-02 11:43:31, EXEC, v:1, k:ed@lista_d2, mode:FULL, rate:80, size:231
2026-05-02 11:43:23, MOVE, v:1, k:ed@lista_d2, mode:EDIT
2026-05-02 11:44:40, EXEC, v:1, k:ed@lista_d2, mode:FULL, rate:100, size:236
2026-05-02 11:44:42, MOVE, v:1, k:ed@lista_d2, mode:BACK
2026-05-02 11:44:48, SELF, v:1, k:ed@lista_d2, self:1, rate:100
2026-05-02 11:44:38, MOVE, v:1, k:ed@lista_d2, mode:EDIT
2026-05-02 11:48:48, MOVE, v:1, k:ed@lista_d4, mode:DOWN
2026-05-02 11:48:50, MOVE, v:1, k:ed@lista_d4, mode:PICK
2026-05-02 11:49:47, MOVE, v:1, k:ed@lista_d4, mode:BACK
2026-05-02 11:49:49, MOVE, v:1, k:ed@lista_d2, mode:PICK
2026-05-02 11:49:50, EXEC, v:1, k:ed@lista_d2, mode:FREE, size:250
2026-05-02 11:50:36, EXEC, v:1, k:ed@lista_d2, mode:FREE
2026-05-02 11:53:13, EXEC, v:1, k:ed@lista_d2, mode:FULL, rate:100
2026-05-02 11:53:14, MOVE, v:1, k:ed@lista_d2, mode:BACK
2026-05-02 11:53:17, MOVE, v:1, k:ed@lista_d4, mode:PICK
2026-05-02 11:53:18, EXEC, v:1, k:ed@lista_d4, mode:FULL, rate:0, size:124
2026-05-02 11:48:48, MOVE, v:1, k:ed@lista_d4, mode:EDIT
2026-05-02 11:48:48, MOVE, v:1, k:ed@lista_d4, mode:EDIT
2026-05-02 11:48:48, MOVE, v:1, k:ed@lista_d4, mode:EDIT
2026-05-02 11:48:48, MOVE, v:1, k:ed@lista_d4, mode:EDIT
2026-05-02 11:49:37, MOVE, v:1, k:ed@lista_d2, mode:EDIT
2026-05-02 11:56:34, EXEC, v:1, k:ed@lista_d4, mode:FULL, rate:0, size:125
2026-05-02 11:58:36, MOVE, v:1, k:ed@lista_d4, mode:EDIT
2026-05-02 11:58:44, EXEC, v:1, k:ed@lista_d4, mode:FULL, rate:0, size:134
2026-05-02 11:58:43, MOVE, v:1, k:ed@lista_d4, mode:EDIT
2026-05-02 12:07:18, MOVE, v:1, k:ed@lista_d4, mode:EDIT
2026-05-02 12:13:29, EXEC, v:1, k:ed@lista_d4, mode:FULL, size:146, fail:COMP
2026-05-02 12:13:23, MOVE, v:1, k:ed@lista_d4, mode:EDIT
2026-05-02 12:14:12, EXEC, v:1, k:ed@lista_d4, mode:FULL, size:146, fail:COMP
2026-05-02 12:14:14, EXEC, v:1, k:ed@lista_d4, mode:FULL, fail:COMP
2026-05-02 12:15:32, EXEC, v:1, k:ed@lista_d4, mode:FULL, rate:100, size:153
2026-05-02 12:15:38, MOVE, v:1, k:ed@lista_d4, mode:BACK
2026-05-02 12:15:41, MOVE, v:1, k:ed@lista_d4, mode:PICK
2026-05-02 12:15:42, EXEC, v:1, k:ed@lista_d4, mode:FULL, rate:100
2026-05-02 12:15:43, MOVE, v:1, k:ed@lista_d4, mode:BACK
2026-05-02 12:15:48, SELF, v:1, k:ed@lista_d4, self:1, rate:100
2026-05-02 12:15:51, MOVE, v:1, k:ed@lista_d4, mode:PICK
2026-05-02 12:15:53, EXEC, v:1, k:ed@lista_d4, mode:FULL, rate:100
2026-05-02 12:15:54, EXEC, v:1, k:ed@lista_d4, mode:FULL, rate:100
2026-05-02 12:15:54, MOVE, v:1, k:ed@lista_d4, mode:BACK
2026-05-02 12:16:36, SELF, v:1, k:ed@lista_d4, self:1, rate:100, study:20
2026-05-02 12:16:38, MOVE, v:1, k:ed@lista_d2, mode:PICK
2026-05-02 12:16:39, MOVE, v:1, k:ed@lista_d2, mode:BACK
2026-05-02 12:16:47, SELF, v:1, k:ed@lista_d2, self:1, rate:100, study:50
2026-05-02 12:16:47, MOVE, v:1, k:ed@lista_d2, mode:PICK
2026-05-02 12:16:48, MOVE, v:1, k:ed@lista_d2, mode:BACK
2026-05-02 12:17:04, SELF, v:1, k:ed@lista_d1, self:1, rate:100, study:180
2026-05-02 12:15:29, MOVE, v:1, k:ed@lista_d4, mode:EDIT
2026-05-02 14:16:54, MOVE, v:1, k:ed@prin_list1, mode:DOWN
2026-05-02 14:16:56, MOVE, v:1, k:ed@prin_list1, mode:PICK
2026-05-02 14:16:57, EXEC, v:1, k:ed@prin_list1, mode:FULL, size:172, fail:COMP
2026-05-02 14:17:31, EXEC, v:1, k:ed@prin_list1, mode:FULL, rate:0, size:172
2026-05-02 14:17:49, MOVE, v:1, k:ed@prin_list1, mode:BACK
2026-05-02 14:18:16, MOVE, v:1, k:ed@prin_list2, mode:DOWN
2026-05-02 14:18:17, MOVE, v:1, k:ed@prin_list2, mode:PICK
2026-05-02 14:18:19, MOVE, v:1, k:ed@prin_list2, mode:BACK
2026-05-02 14:18:21, MOVE, v:1, k:ed@prin_list1, mode:PICK
2026-05-02 14:18:23, EXEC, v:1, k:ed@prin_list1, mode:FULL, rate:0
2026-05-02 14:16:54, MOVE, v:1, k:ed@prin_list1, mode:EDIT
2026-05-02 14:16:54, MOVE, v:1, k:ed@prin_list1, mode:EDIT
2026-05-02 14:17:30, MOVE, v:1, k:ed@prin_list1, mode:EDIT
2026-05-02 14:18:16, MOVE, v:1, k:ed@prin_list2, mode:EDIT
2026-05-02 14:18:16, MOVE, v:1, k:ed@prin_list2, mode:EDIT
2026-05-02 14:18:16, MOVE, v:1, k:ed@prin_list2, mode:EDIT
2026-05-02 14:23:06, MOVE, v:1, k:ed@prin_list1, mode:EDIT
2026-05-02 14:32:17, EXEC, v:1, k:ed@prin_list1, mode:FULL, rate:0, size:179
2026-05-02 14:33:22, MOVE, v:1, k:ed@prin_list1, mode:EDIT
2026-05-02 14:34:54, EXEC, v:1, k:ed@prin_list1, mode:FULL, rate:0, size:186
2026-05-02 14:35:14, EXEC, v:1, k:ed@prin_list1, mode:FULL, rate:0, size:186
2026-05-02 14:35:21, EXEC, v:1, k:ed@prin_list1, mode:FULL, rate:0, size:186
2026-05-02 14:35:26, EXEC, v:1, k:ed@prin_list1, mode:FULL, rate:0, size:186
2026-05-02 14:35:35, EXEC, v:1, k:ed@prin_list1, mode:FULL, rate:0, size:186
2026-05-02 14:35:41, EXEC, v:1, k:ed@prin_list1, mode:FULL, rate:0, size:186
2026-05-02 14:38:06, MOVE, v:1, k:ed@prin_list1, mode:BACK
2026-05-02 14:38:09, MOVE, v:1, k:ed@lista_d4, mode:PICK
2026-05-02 14:38:10, EXEC, v:1, k:ed@lista_d4, mode:FULL, rate:100
2026-05-02 14:37:15, MOVE, v:1, k:ed@prin_list1, mode:EDIT
2026-05-02 14:43:40, MOVE, v:1, k:ed@prin_list1, mode:EDIT
2026-05-02 14:46:54, MOVE, v:1, k:ed@lista_d4, mode:BACK
2026-05-02 14:47:11, MOVE, v:1, k:ed@prin_list1, mode:PICK
2026-05-02 14:47:11, EXEC, v:1, k:ed@prin_list1, mode:FULL, size:195, fail:COMP
2026-05-02 14:48:37, MOVE, v:1, k:ed@prin_list1, mode:EDIT
2026-05-02 14:49:42, EXEC, v:1, k:ed@prin_list1, mode:FULL, size:196, fail:COMP
2026-05-02 14:49:42, EXEC, v:1, k:ed@prin_list1, mode:FULL, size:196, fail:COMP
2026-05-02 14:49:52, EXEC, v:1, k:ed@prin_list1, mode:FULL, rate:0, size:196
2026-05-02 14:50:01, EXEC, v:1, k:ed@prin_list1, mode:FULL, rate:0
2026-05-02 14:50:05, EXEC, v:1, k:ed@prin_list1, mode:FULL, rate:100, size:196
2026-05-02 14:50:11, MOVE, v:1, k:ed@prin_list1, mode:BACK
2026-05-02 14:50:26, SELF, v:1, k:ed@prin_list1, self:1, rate:100, study:20
2026-05-02 14:50:59, MOVE, v:1, k:ed@mumia, mode:PICK
2026-05-02 14:51:01, EXEC, v:1, k:ed@mumia, mode:FULL, rate:100
2026-05-02 14:51:03, MOVE, v:1, k:ed@mumia, mode:BACK
2026-05-02 14:51:08, SELF, v:1, k:ed@mumia, self:1, rate:100
2026-05-02 14:51:12, MOVE, v:1, k:ed@pintando, mode:PICK
2026-05-02 14:51:13, EXEC, v:1, k:ed@pintando, mode:FULL, rate:0, size:5
2026-05-02 14:51:16, MOVE, v:1, k:ed@pintando, mode:BACK
2026-05-02 14:51:17, MOVE, v:1, k:ed@fuga, mode:PICK
2026-05-02 14:51:17, EXEC, v:1, k:ed@fuga, mode:FULL, rate:0, size:5
2026-05-02 14:51:18, MOVE, v:1, k:ed@fuga, mode:BACK
2026-05-02 14:51:19, MOVE, v:1, k:ed@pedra, mode:PICK
2026-05-02 14:51:20, EXEC, v:1, k:ed@pedra, mode:FULL, rate:0, size:5
2026-05-02 14:51:20, MOVE, v:1, k:ed@pedra, mode:BACK
2026-05-02 14:51:21, MOVE, v:1, k:ed@casais, mode:PICK
2026-05-02 14:51:22, EXEC, v:1, k:ed@casais, mode:FULL, rate:0, size:5
2026-05-02 14:51:22, MOVE, v:1, k:ed@casais, mode:BACK
2026-05-02 14:51:23, MOVE, v:1, k:ed@baruel, mode:PICK
2026-05-02 14:51:24, EXEC, v:1, k:ed@baruel, mode:FULL, rate:0, size:5
2026-05-02 14:51:25, MOVE, v:1, k:ed@baruel, mode:BACK
2026-05-02 14:51:25, MOVE, v:1, k:ed@gomos, mode:PICK
2026-05-02 14:51:26, EXEC, v:1, k:ed@gomos, mode:FULL, rate:0, size:5
2026-05-02 14:51:27, MOVE, v:1, k:ed@gomos, mode:BACK
2026-05-02 14:51:42, MOVE, v:1, k:origin@mumia, mode:PICK
2026-05-02 14:51:43, EXEC, v:1, k:origin@mumia, mode:FULL, rate:0
2026-05-02 14:51:44, MOVE, v:1, k:origin@mumia, mode:BACK
