2026-04-21 16:24:40, MOVE, v:1, k:ed@vetbuild, mode:PICK
2026-04-21 16:27:40, MOVE, v:1, k:ed@vetbuild, mode:EDIT
2026-04-21 16:29:15, EXEC, v:1, k:ed@vetbuild, mode:FULL, size:160, fail:COMP
2026-04-21 16:29:29, EXEC, v:1, k:ed@vetbuild, mode:FULL, size:160, fail:COMP
2026-04-21 16:28:40, MOVE, v:1, k:ed@vetbuild, mode:EDIT
2026-04-21 16:31:51, MOVE, v:1, k:ed@vetbuild, mode:EDIT
2026-04-21 16:35:42, EXEC, v:1, k:ed@vetbuild, mode:FULL, size:161, fail:COMP
2026-04-21 16:35:56, EXEC, v:1, k:ed@vetbuild, mode:FULL, rate:18, size:161
2026-04-21 16:37:33, MOVE, v:1, k:ed@vetbuild, mode:EDIT
2026-04-21 16:42:38, EXEC, v:1, k:ed@vetbuild, mode:FULL, rate:18, size:165
2026-04-21 16:42:35, MOVE, v:1, k:ed@vetbuild, mode:EDIT
2026-04-21 16:47:38, MOVE, v:1, k:ed@vetbuild, mode:EDIT
2026-04-21 16:48:32, EXEC, v:1, k:ed@vetbuild, mode:FULL, rate:18, size:168
2026-04-21 16:49:17, EXEC, v:1, k:ed@vetbuild, mode:FULL, rate:18
2026-04-21 16:49:39, EXEC, v:1, k:ed@vetbuild, mode:FREE
2026-04-21 16:52:35, MOVE, v:1, k:ed@vetbuild, mode:EDIT
2026-04-21 16:53:01, EXEC, v:1, k:ed@vetbuild, mode:FULL, rate:18, size:175
2026-04-21 16:53:38, EXEC, v:1, k:ed@vetbuild, mode:FULL, rate:27, size:173
2026-04-21 16:54:52, EXEC, v:1, k:ed@vetbuild, mode:FULL, rate:27, size:176
2026-04-21 16:57:01, EXEC, v:1, k:ed@vetbuild, mode:FULL, rate:36, size:181
2026-04-21 16:56:58, MOVE, v:1, k:ed@vetbuild, mode:EDIT
2026-04-21 17:01:47, MOVE, v:1, k:ed@vetbuild, mode:EDIT
2026-04-21 17:06:15, EXEC, v:1, k:ed@vetbuild, mode:FULL, size:193, fail:COMP
2026-04-21 17:06:26, EXEC, v:1, k:ed@vetbuild, mode:FULL, rate:36, size:194
2026-04-21 17:07:13, EXEC, v:1, k:ed@vetbuild, mode:FULL, rate:36, size:194
2026-04-21 17:07:43, EXEC, v:1, k:ed@vetbuild, mode:FULL, rate:36, size:194
2026-04-21 17:07:42, MOVE, v:1, k:ed@vetbuild, mode:EDIT
2026-04-21 17:08:15, EXEC, v:1, k:ed@vetbuild, mode:FULL, rate:36, size:194
2026-04-21 17:08:38, EXEC, v:1, k:ed@vetbuild, mode:FULL, rate:36, size:194
2026-04-21 17:08:36, MOVE, v:1, k:ed@vetbuild, mode:EDIT
2026-04-21 17:12:54, EXEC, v:1, k:ed@vetbuild, mode:FULL, rate:36, size:194
2026-04-21 17:16:21, EXEC, v:1, k:ed@vetbuild, mode:FULL, rate:36, size:197
2026-04-21 17:17:11, MOVE, v:1, k:ed@vetbuild, mode:EDIT
2026-04-21 17:18:35, EXEC, v:1, k:ed@vetbuild, mode:FULL, rate:54, size:207
2026-04-21 17:22:41, MOVE, v:1, k:ed@vetbuild, mode:EDIT
2026-04-21 17:23:57, EXEC, v:1, k:ed@vetbuild, mode:FULL, size:215, fail:COMP
2026-04-21 17:25:26, EXEC, v:1, k:ed@vetbuild, mode:FULL, rate:36, size:215
2026-04-21 17:26:15, EXEC, v:1, k:ed@vetbuild, mode:FULL, rate:54, size:215
2026-04-21 17:26:49, EXEC, v:1, k:ed@vetbuild, mode:FULL, rate:63, size:217
2026-04-21 17:26:47, MOVE, v:1, k:ed@vetbuild, mode:EDIT
2026-04-21 17:32:42, MOVE, v:1, k:ed@vetbuild, mode:EDIT
2026-04-21 17:52:39, MOVE, v:1, k:ed@vetbuild, mode:EDIT
2026-04-21 17:53:21, EXEC, v:1, k:ed@vetbuild, mode:FULL, rate:63, size:231
2026-04-21 17:55:11, EXEC, v:1, k:ed@vetbuild, mode:FULL, rate:63, size:231
2026-04-21 17:55:51, EXEC, v:1, k:ed@vetbuild, mode:FULL, rate:63, size:231
2026-04-21 17:56:38, EXEC, v:1, k:ed@vetbuild, mode:FULL, rate:63, size:231
2026-04-21 17:56:54, EXEC, v:1, k:ed@vetbuild, mode:FULL, rate:63, size:231
2026-04-21 17:57:21, MOVE, v:1, k:ed@vetbuild, mode:EDIT
2026-04-21 17:58:34, EXEC, v:1, k:ed@vetbuild, mode:FULL, rate:63, size:230
2026-04-21 17:58:41, EXEC, v:1, k:ed@vetbuild, mode:FULL, rate:63, size:230
2026-04-21 17:59:19, EXEC, v:1, k:ed@vetbuild, mode:FULL, rate:63, size:231
2026-04-21 18:00:07, EXEC, v:1, k:ed@vetbuild, mode:FULL, rate:63, size:231
2026-04-21 18:00:22, EXEC, v:1, k:ed@vetbuild, mode:FULL, rate:63, size:231
2026-04-21 18:00:49, EXEC, v:1, k:ed@vetbuild, mode:FULL, rate:63, size:231
2026-04-21 18:00:54, EXEC, v:1, k:ed@vetbuild, mode:FULL, rate:63
2026-04-21 18:00:47, MOVE, v:1, k:ed@vetbuild, mode:EDIT
2026-04-21 18:03:07, EXEC, v:1, k:ed@vetbuild, mode:FULL, rate:63, size:231
2026-04-21 18:04:14, EXEC, v:1, k:ed@vetbuild, mode:FULL, rate:63, size:233
2026-04-21 18:04:09, MOVE, v:1, k:ed@vetbuild, mode:EDIT
2026-04-21 18:10:05, EXEC, v:1, k:ed@vetbuild, mode:FULL, rate:63, size:233
2026-04-21 18:09:32, MOVE, v:1, k:ed@vetbuild, mode:EDIT
2026-04-21 18:17:46, MOVE, v:1, k:ed@vetbuild, mode:EDIT
2026-04-21 18:18:34, EXEC, v:1, k:ed@vetbuild, mode:FULL, rate:63, size:242
2026-04-21 18:18:32, MOVE, v:1, k:ed@vetbuild, mode:EDIT
