2026-04-24 14:13:46, SELF, v:1, k:ed@multiset, self:1, rate:100, study:58, concept:1, debug:1, refactor:1
2026-04-24 14:14:07, MOVE, v:1, k:ed@multiset, mode:PICK
2026-04-24 14:16:00, MOVE, v:1, k:ed@multiset, mode:BACK
2026-04-24 14:16:11, MOVE, v:1, k:ed@setbuild, mode:PICK
2026-04-24 14:16:30, MOVE, v:1, k:ed@setbuild, mode:BACK
2026-04-24 14:16:31, MOVE, v:1, k:ed@vetbuild, mode:PICK
2026-04-24 15:28:41, MOVE, v:1, k:ed@vetbuild, mode:BACK
2026-04-24 15:28:59, MOVE, v:1, k:ed@bettersearch, mode:DOWN
2026-04-24 15:29:00, MOVE, v:1, k:ed@bettersearch, mode:PICK
2026-04-24 15:29:42, EXEC, v:1, k:ed@bettersearch, mode:FULL, rate:18, size:33
2026-04-24 15:28:59, MOVE, v:1, k:ed@bettersearch, mode:EDIT
2026-04-24 15:28:59, MOVE, v:1, k:ed@bettersearch, mode:EDIT
2026-04-24 15:28:59, MOVE, v:1, k:ed@bettersearch, mode:EDIT
2026-04-24 15:33:54, EXEC, v:1, k:ed@bettersearch, mode:FULL, rate:63, size:39
2026-04-24 15:35:00, EXEC, v:1, k:ed@bettersearch, mode:FULL, rate:0, size:39
2026-04-24 15:35:40, EXEC, v:1, k:ed@bettersearch, mode:FULL, rate:45, size:39
2026-04-24 15:36:08, EXEC, v:1, k:ed@bettersearch, mode:FULL, rate:54, size:39
2026-04-24 15:37:15, EXEC, v:1, k:ed@bettersearch, mode:FULL, rate:63, size:39
2026-04-24 15:38:08, MOVE, v:1, k:ed@bettersearch, mode:EDIT
2026-04-24 15:43:07, MOVE, v:1, k:ed@bettersearch, mode:EDIT
2026-04-24 15:45:56, EXEC, v:1, k:ed@bettersearch, mode:FULL, rate:45, size:49
2026-04-24 15:45:53, MOVE, v:1, k:ed@bettersearch, mode:EDIT
2026-04-24 18:45:29, EXEC, v:1, k:ed@bettersearch, mode:FULL, rate:45
2026-04-24 20:38:46, EXEC, v:1, k:ed@bettersearch, mode:FULL, rate:27, size:49
2026-04-24 20:39:26, EXEC, v:1, k:ed@bettersearch, mode:FULL, rate:18, size:49
2026-04-24 20:39:51, EXEC, v:1, k:ed@bettersearch, mode:FULL, rate:18, size:49
2026-04-24 20:40:26, EXEC, v:1, k:ed@bettersearch, mode:FULL, rate:9, size:49
2026-04-24 20:41:29, EXEC, v:1, k:ed@bettersearch, mode:FULL, rate:9, size:48
2026-04-24 20:42:16, EXEC, v:1, k:ed@bettersearch, mode:FULL, rate:100, size:48
2026-04-24 20:42:44, MOVE, v:1, k:ed@bettersearch, mode:BACK
2026-04-24 20:43:04, SELF, v:1, k:ed@bettersearch, self:1, rate:100, study:50, concept:1, problem:1, code:1, debug:1, refactor:1
2026-04-24 20:42:14, MOVE, v:1, k:ed@bettersearch, mode:EDIT
