2026-07-02 15:10:30, MOVE, v:1, k:ed@bst_insert, mode:PICK
2026-07-02 15:10:31, EXEC, v:1, k:ed@bst_insert, mode:FULL, rate:16
2026-07-02 15:15:23, MOVE, v:1, k:ed@bst_insert, mode:EDIT
2026-07-02 15:19:53, EXEC, v:1, k:ed@bst_insert, mode:FULL, rate:0, size:111
2026-07-02 15:20:10, EXEC, v:1, k:ed@bst_insert, mode:FULL, rate:0, size:111
2026-07-02 15:20:09, MOVE, v:1, k:ed@bst_insert, mode:EDIT
2026-07-02 15:20:33, EXEC, v:1, k:ed@bst_insert, mode:FULL, rate:0, size:114
2026-07-02 15:20:41, EXEC, v:1, k:ed@bst_insert, mode:FULL, rate:0, size:114
2026-07-02 15:20:41, MOVE, v:1, k:ed@bst_insert, mode:EDIT
2026-07-02 15:30:24, MOVE, v:1, k:ed@bst_insert, mode:EDIT
2026-07-02 15:35:19, EXEC, v:1, k:ed@bst_insert, mode:FULL, rate:0, size:87
2026-07-02 15:34:37, MOVE, v:1, k:ed@bst_insert, mode:EDIT
2026-07-02 15:38:59, EXEC, v:1, k:ed@bst_insert, mode:FULL, rate:100, size:87
2026-07-02 15:39:16, MOVE, v:1, k:ed@bst_insert, mode:BACK
2026-07-02 15:39:56, SELF, v:1, k:ed@bst_insert, self:1, rate:100
2026-07-02 15:40:12, MOVE, v:1, k:ed@subset_sum, mode:PICK
2026-07-02 15:40:14, EXEC, v:1, k:ed@subset_sum, mode:FULL, rate:32
2026-07-02 15:38:55, MOVE, v:1, k:ed@bst_insert, mode:EDIT
2026-07-02 15:43:04, EXEC, v:1, k:ed@subset_sum, mode:FULL, rate:56, size:28
2026-07-02 15:44:11, EXEC, v:1, k:ed@subset_sum, mode:FULL, rate:80, size:43
2026-07-02 15:44:38, EXEC, v:1, k:ed@subset_sum, mode:FULL, rate:88, size:54
2026-07-02 15:45:08, EXEC, v:1, k:ed@subset_sum, mode:FULL, rate:88, size:69
2026-07-02 15:45:07, MOVE, v:1, k:ed@subset_sum, mode:EDIT
2026-07-02 15:46:28, EXEC, v:1, k:ed@subset_sum, mode:FULL, rate:88, size:86
2026-07-02 15:50:14, MOVE, v:1, k:ed@subset_sum, mode:EDIT
2026-07-02 16:08:25, MOVE, v:1, k:ed@subset_sum, mode:BACK
2026-07-02 19:15:43, MOVE, v:1, k:ed@wordsearch, mode:PICK
2026-07-02 19:20:25, MOVE, v:1, k:ed@wordsearch, mode:EDIT
2026-07-02 19:25:25, MOVE, v:1, k:ed@wordsearch, mode:EDIT
2026-07-02 19:30:22, MOVE, v:1, k:ed@wordsearch, mode:EDIT
2026-07-02 19:32:09, EXEC, v:1, k:ed@wordsearch, mode:FULL, size:99, fail:COMP
2026-07-02 19:32:57, EXEC, v:1, k:ed@wordsearch, mode:FULL, size:99, fail:COMP
2026-07-02 19:33:01, EXEC, v:1, k:ed@wordsearch, mode:FULL, fail:COMP
2026-07-02 19:33:03, EXEC, v:1, k:ed@wordsearch, mode:FULL, rate:0, size:99
2026-07-02 19:33:34, EXEC, v:1, k:ed@wordsearch, mode:FULL, rate:0, size:99
2026-07-02 19:33:40, EXEC, v:1, k:ed@wordsearch, mode:FULL, rate:0
2026-07-02 19:33:34, MOVE, v:1, k:ed@wordsearch, mode:EDIT
2026-07-02 21:22:32, MOVE, v:1, k:ed@wordsearch, mode:BACK
2026-07-02 21:22:53, MOVE, v:1, k:ed@pilhado, mode:PICK
2026-07-02 21:22:54, EXEC, v:1, k:ed@pilhado, mode:FULL, fail:COMP
2026-07-02 21:21:35, MOVE, v:1, k:ed@wordsearch, mode:EDIT
2026-07-02 21:25:28, MOVE, v:1, k:ed@pilhado, mode:EDIT
2026-07-02 21:30:31, MOVE, v:1, k:ed@pilhado, mode:EDIT
2026-07-02 21:35:30, MOVE, v:1, k:ed@pilhado, mode:EDIT
2026-07-02 21:39:25, EXEC, v:1, k:ed@pilhado, mode:FULL, rate:0, size:101
2026-07-02 21:38:12, MOVE, v:1, k:ed@pilhado, mode:EDIT
2026-07-02 21:44:25, MOVE, v:1, k:ed@pilhado, mode:BACK
