2026-05-20 10:23:52, MOVE, v:1, k:ed@fuga, mode:PICK
2026-05-20 10:27:03, MOVE, v:1, k:ed@fuga, mode:EDIT
2026-05-20 10:28:01, EXEC, v:1, k:ed@fuga, mode:FULL, rate:80, size:25
2026-05-20 10:28:27, MOVE, v:1, k:ed@fuga, mode:BACK
2026-05-20 10:28:51, MOVE, v:1, k:ed@fuga, mode:PICK
2026-05-20 10:28:52, EXEC, v:1, k:ed@fuga, mode:FULL, rate:80
2026-05-20 10:29:05, EXEC, v:1, k:ed@fuga, mode:FULL, rate:80, size:25
2026-05-20 10:29:08, EXEC, v:1, k:ed@fuga, mode:FULL, rate:10
2026-05-20 10:29:37, EXEC, v:1, k:ed@fuga, mode:FULL, rate:80, size:26
2026-05-20 10:29:50, EXEC, v:1, k:ed@fuga, mode:FULL, rate:100, size:26
2026-05-20 10:29:51, MOVE, v:1, k:ed@fuga, mode:BACK
2026-05-20 10:29:55, SELF, v:1, k:ed@fuga, self:1, rate:100
2026-05-20 10:30:46, MOVE, v:1, k:ed@cercado, mode:DOWN
2026-05-20 10:30:47, MOVE, v:1, k:ed@cercado, mode:PICK
2026-05-20 10:29:46, MOVE, v:1, k:ed@fuga, mode:EDIT
2026-05-20 10:30:46, MOVE, v:1, k:ed@cercado, mode:EDIT
2026-05-20 10:30:46, MOVE, v:1, k:ed@cercado, mode:EDIT
2026-05-20 10:33:29, MOVE, v:1, k:ed@cercado, mode:EDIT
2026-05-20 10:38:37, MOVE, v:1, k:ed@cercado, mode:EDIT
2026-05-20 10:41:46, MOVE, v:1, k:ed@cercado, mode:BACK
2026-05-20 10:41:50, MOVE, v:1, k:ed@ilhas, mode:PICK
2026-05-20 10:42:20, MOVE, v:1, k:ed@ilhas, mode:BACK
2026-05-20 10:42:24, MOVE, v:1, k:ed@cercado, mode:PICK
2026-05-20 10:43:40, MOVE, v:1, k:ed@cercado, mode:EDIT
2026-05-20 10:47:31, MOVE, v:1, k:ed@cercado, mode:EDIT
2026-05-20 10:52:29, EXEC, v:1, k:ed@cercado, mode:FULL, rate:33, size:48
2026-05-20 10:53:47, MOVE, v:1, k:ed@cercado, mode:EDIT
2026-05-20 10:53:59, EXEC, v:1, k:ed@cercado, mode:FULL, rate:33, size:51
2026-05-20 10:56:08, EXEC, v:1, k:ed@cercado, mode:FULL, rate:33, size:60
2026-05-20 10:57:20, EXEC, v:1, k:ed@cercado, mode:FULL, rate:100, size:60
2026-05-20 10:57:35, EXEC, v:1, k:ed@cercado, mode:FULL, rate:100
2026-05-20 10:57:36, EXEC, v:1, k:ed@cercado, mode:FULL, rate:100
2026-05-20 10:57:39, MOVE, v:1, k:ed@cercado, mode:BACK
2026-05-20 10:57:44, SELF, v:1, k:ed@cercado, self:1, rate:100
2026-05-20 10:57:18, MOVE, v:1, k:ed@cercado, mode:EDIT
2026-05-20 10:59:14, MOVE, v:1, k:ed@cercado, mode:PICK
2026-05-20 10:59:15, EXEC, v:1, k:ed@cercado, mode:FULL, rate:33, size:60
2026-05-20 10:59:19, EXEC, v:1, k:ed@cercado, mode:FULL, rate:100, size:60
2026-05-20 10:59:20, MOVE, v:1, k:ed@cercado, mode:BACK
2026-05-20 10:59:24, SELF, v:1, k:ed@cercado, self:1, rate:100
2026-05-20 11:02:11, MOVE, v:1, k:ed@pintando, mode:PICK
2026-05-20 11:02:21, EXEC, v:1, k:ed@pintando, mode:FULL, rate:0
2026-05-20 10:59:19, MOVE, v:1, k:ed@cercado, mode:EDIT
2026-05-20 11:03:25, MOVE, v:1, k:ed@pintando, mode:EDIT
2026-05-20 11:06:56, EXEC, v:1, k:ed@pintando, mode:FULL, size:11, fail:COMP
2026-05-20 11:07:08, EXEC, v:1, k:ed@pintando, mode:FULL, size:12, fail:COMP
2026-05-20 11:07:14, EXEC, v:1, k:ed@pintando, mode:FULL, size:13, fail:COMP
2026-05-20 11:07:36, EXEC, v:1, k:ed@pintando, mode:FULL, size:13, fail:COMP
2026-05-20 11:07:37, EXEC, v:1, k:ed@pintando, mode:FULL, fail:COMP
2026-05-20 11:07:37, EXEC, v:1, k:ed@pintando, mode:FULL, fail:COMP
2026-05-20 11:07:37, EXEC, v:1, k:ed@pintando, mode:FULL, fail:COMP
2026-05-20 11:08:26, EXEC, v:1, k:ed@pintando, mode:FULL, size:13, fail:COMP
2026-05-20 11:08:27, EXEC, v:1, k:ed@pintando, mode:FULL, fail:COMP
2026-05-20 11:08:39, EXEC, v:1, k:ed@pintando, mode:FULL, size:12, fail:COMP
2026-05-20 11:08:38, MOVE, v:1, k:ed@pintando, mode:EDIT
2026-05-20 11:10:46, EXEC, v:1, k:ed@pintando, mode:FULL, rate:0, size:14
2026-05-20 11:10:53, EXEC, v:1, k:ed@pintando, mode:FULL, rate:0, size:14
2026-05-20 11:11:08, EXEC, v:1, k:ed@pintando, mode:FULL, rate:75
2026-05-20 11:11:19, EXEC, v:1, k:ed@pintando, mode:FULL, rate:100, size:14
2026-05-20 11:11:20, MOVE, v:1, k:ed@pintando, mode:BACK
2026-05-20 11:11:25, SELF, v:1, k:ed@pintando, self:1, rate:100
2026-05-20 11:11:45, MOVE, v:1, k:ed@distancia, mode:PICK
2026-05-20 11:11:45, EXEC, v:1, k:ed@distancia, mode:FULL, size:58, fail:COMP
2026-05-20 11:13:08, EXEC, v:1, k:ed@distancia, mode:FULL, size:60, fail:COMP
2026-05-20 11:11:18, MOVE, v:1, k:ed@pintando, mode:EDIT
2026-05-20 11:13:36, MOVE, v:1, k:ed@distancia, mode:EDIT
2026-05-20 11:15:06, EXEC, v:1, k:ed@distancia, mode:FULL, rate:0, size:62
2026-05-20 11:16:45, MOVE, v:1, k:ed@distancia, mode:BACK
2026-05-20 14:36:42, MOVE, v:1, k:ed@distancia, mode:PICK
2026-05-20 14:40:03, MOVE, v:1, k:ed@distancia, mode:EDIT
2026-05-20 14:46:13, MOVE, v:1, k:ed@distancia, mode:EDIT
2026-05-20 14:51:06, MOVE, v:1, k:ed@distancia, mode:EDIT
2026-05-20 14:51:34, EXEC, v:1, k:ed@distancia, mode:FULL, size:73, fail:COMP
2026-05-20 14:51:35, EXEC, v:1, k:ed@distancia, mode:FULL, fail:COMP
2026-05-20 14:51:47, EXEC, v:1, k:ed@distancia, mode:FULL, rate:0, size:73
2026-05-20 14:53:07, EXEC, v:1, k:ed@distancia, mode:FULL, rate:0, size:73
2026-05-20 14:56:04, EXEC, v:1, k:ed@distancia, mode:FULL, rate:0, size:75
2026-05-20 14:56:19, MOVE, v:1, k:ed@distancia, mode:EDIT
2026-05-20 14:56:36, EXEC, v:1, k:ed@distancia, mode:FULL, rate:0, size:75
2026-05-20 14:57:16, EXEC, v:1, k:ed@distancia, mode:FULL, rate:42, size:75
2026-05-20 15:00:27, EXEC, v:1, k:ed@distancia, mode:FULL, rate:0, size:76
2026-05-20 15:01:00, EXEC, v:1, k:ed@distancia, mode:FULL, rate:42, size:77
2026-05-20 15:00:58, MOVE, v:1, k:ed@distancia, mode:EDIT
2026-05-20 15:02:20, EXEC, v:1, k:ed@distancia, mode:FULL, rate:57, size:79
2026-05-20 15:02:21, EXEC, v:1, k:ed@distancia, mode:FULL, rate:57
2026-05-20 15:02:46, EXEC, v:1, k:ed@distancia, mode:FULL, rate:57, size:79
2026-05-20 15:03:35, EXEC, v:1, k:ed@distancia, mode:FULL, rate:100, size:80
2026-05-20 15:04:35, EXEC, v:1, k:ed@distancia, mode:FULL, rate:100, size:80
2026-05-20 15:04:37, MOVE, v:1, k:ed@distancia, mode:BACK
2026-05-20 15:04:40, SELF, v:1, k:ed@distancia, self:1, rate:100
2026-05-20 15:04:57, MOVE, v:1, k:ed@pedra, mode:PICK
2026-05-20 15:04:59, EXEC, v:1, k:ed@pedra, mode:FULL, rate:0
2026-05-20 15:04:30, MOVE, v:1, k:ed@distancia, mode:EDIT
2026-05-20 15:06:24, MOVE, v:1, k:ed@pedra, mode:EDIT
2026-05-20 15:11:21, MOVE, v:1, k:ed@pedra, mode:EDIT
2026-05-20 15:16:24, MOVE, v:1, k:ed@pedra, mode:EDIT
2026-05-20 15:16:55, EXEC, v:1, k:ed@pedra, mode:FULL, rate:0, size:37
2026-05-20 15:17:28, EXEC, v:1, k:ed@pedra, mode:FULL, rate:25, size:37
2026-05-20 15:18:58, EXEC, v:1, k:ed@pedra, mode:FULL, rate:16, size:37
2026-05-20 15:19:46, EXEC, v:1, k:ed@pedra, mode:FULL, rate:25, size:39
2026-05-20 15:19:53, EXEC, v:1, k:ed@pedra, mode:FULL, rate:33, size:39
2026-05-20 15:19:57, EXEC, v:1, k:ed@pedra, mode:FULL, rate:33, size:39
2026-05-20 15:19:57, MOVE, v:1, k:ed@pedra, mode:EDIT
2026-05-20 15:26:24, EXEC, v:1, k:ed@pedra, mode:FULL, size:46, fail:COMP
2026-05-20 15:26:25, EXEC, v:1, k:ed@pedra, mode:FULL, fail:COMP
2026-05-20 15:26:21, MOVE, v:1, k:ed@pedra, mode:EDIT
2026-05-20 15:26:35, EXEC, v:1, k:ed@pedra, mode:FULL, rate:100, size:46
2026-05-20 15:26:36, MOVE, v:1, k:ed@pedra, mode:BACK
2026-05-20 15:26:41, SELF, v:1, k:ed@pedra, self:1, rate:100
