2026-06-04 20:28:12, MOVE, v:1, k:ed@iterador, mode:PICK
2026-06-04 20:28:12, EXEC, v:1, k:ed@iterador, mode:FULL, rate:33
2026-06-04 20:28:17, MOVE, v:1, k:ed@iterador, mode:BACK
2026-06-04 20:28:19, MOVE, v:1, k:ed@multiset, mode:PICK
2026-06-04 20:28:20, EXEC, v:1, k:ed@multiset, mode:FULL, rate:100
2026-06-04 20:28:21, MOVE, v:1, k:ed@multiset, mode:BACK
2026-06-04 20:28:22, MOVE, v:1, k:ed@bettersearch, mode:PICK
2026-06-04 20:28:22, EXEC, v:1, k:ed@bettersearch, mode:FULL, rate:100
2026-06-04 20:28:23, MOVE, v:1, k:ed@bettersearch, mode:BACK
2026-06-04 20:28:24, MOVE, v:1, k:ed@setbuild, mode:PICK
2026-06-04 20:28:25, EXEC, v:1, k:ed@setbuild, mode:FULL, rate:100
2026-06-04 20:28:25, MOVE, v:1, k:ed@setbuild, mode:BACK
2026-06-04 20:28:27, MOVE, v:1, k:ed@vetbuild, mode:PICK
2026-06-04 20:28:28, EXEC, v:1, k:ed@vetbuild, mode:FULL, rate:100
2026-06-04 20:28:29, MOVE, v:1, k:ed@vetbuild, mode:BACK
2026-06-04 20:28:41, MOVE, v:1, k:ed@eh_primo, mode:PICK
2026-06-04 20:28:41, EXEC, v:1, k:ed@eh_primo, mode:FULL, rate:44
2026-06-04 20:28:52, MOVE, v:1, k:ed@eh_primo, mode:BACK
2026-06-04 20:30:00, MOVE, v:1, k:ed@gomos, mode:PICK
2026-06-04 20:30:01, EXEC, v:1, k:ed@gomos, mode:FULL, rate:0
2026-06-04 20:30:03, MOVE, v:1, k:ed@gomos, mode:BACK
2026-06-04 20:30:09, MOVE, v:1, k:ed@casais, mode:PICK
2026-06-04 20:30:09, EXEC, v:1, k:ed@casais, mode:FULL, rate:0
2026-06-04 20:31:23, MOVE, v:1, k:ed@casais, mode:EDIT
2026-06-04 20:35:16, EXEC, v:1, k:ed@casais, mode:FULL, rate:0, size:24
2026-06-04 20:35:18, EXEC, v:1, k:ed@casais, mode:FULL, rate:0
2026-06-04 20:36:09, EXEC, v:1, k:ed@casais, mode:FULL, rate:50, size:24
2026-06-04 20:36:06, MOVE, v:1, k:ed@casais, mode:EDIT
2026-06-04 20:37:03, EXEC, v:1, k:ed@casais, mode:FULL, rate:50, size:26
2026-06-04 20:37:58, EXEC, v:1, k:ed@casais, mode:FULL, rate:50, size:26
2026-06-04 20:38:01, EXEC, v:1, k:ed@casais, mode:FULL, rate:50
2026-06-04 20:40:07, EXEC, v:1, k:ed@casais, mode:LOCK, rate:0, size:26
2026-06-04 20:40:10, EXEC, v:1, k:ed@casais, mode:FULL, rate:50
2026-06-04 20:40:39, EXEC, v:1, k:ed@casais, mode:FULL, rate:50, size:24
2026-06-04 20:40:38, MOVE, v:1, k:ed@casais, mode:EDIT
2026-06-04 20:47:02, EXEC, v:1, k:ed@casais, mode:FULL, rate:0, size:24
2026-06-04 20:47:16, EXEC, v:1, k:ed@casais, mode:FULL, rate:100, size:24
2026-06-04 20:47:16, MOVE, v:1, k:ed@casais, mode:EDIT
2026-06-04 21:10:23, EXEC, v:1, k:ed@casais, mode:FULL, rate:100, size:31
2026-06-04 21:10:24, EXEC, v:1, k:ed@casais, mode:FULL, rate:100
2026-06-04 21:10:17, MOVE, v:1, k:ed@casais, mode:EDIT
2026-06-04 21:12:16, MOVE, v:1, k:ed@casais, mode:BACK
2026-06-04 21:12:21, SELF, v:1, k:ed@casais, self:1, rate:100
2026-06-04 21:12:24, MOVE, v:1, k:ed@baruel, mode:PICK
2026-06-04 21:12:25, EXEC, v:1, k:ed@baruel, mode:FULL, rate:0
2026-06-04 21:13:19, MOVE, v:1, k:ed@baruel, mode:EDIT
2026-06-04 21:21:11, MOVE, v:1, k:ed@baruel, mode:EDIT
2026-06-04 21:26:24, MOVE, v:1, k:ed@baruel, mode:EDIT
2026-06-04 21:27:38, EXEC, v:1, k:ed@baruel, mode:FULL, rate:0, size:28
2026-06-04 21:28:12, EXEC, v:1, k:ed@baruel, mode:FULL, rate:0, size:28
2026-06-04 21:28:37, EXEC, v:1, k:ed@baruel, mode:FULL, size:28, fail:COMP
2026-06-04 21:28:43, EXEC, v:1, k:ed@baruel, mode:FULL, rate:0, size:28
2026-06-04 21:30:56, EXEC, v:1, k:ed@baruel, mode:FULL, rate:0, size:26
2026-06-04 21:30:59, EXEC, v:1, k:ed@baruel, mode:FULL, rate:0
2026-06-04 21:31:22, MOVE, v:1, k:ed@baruel, mode:EDIT
2026-06-04 21:34:58, MOVE, v:1, k:ed@baruel, mode:BACK
2026-06-04 21:36:18, MOVE, v:1, k:ed@serial, mode:DOWN
2026-06-04 21:36:20, MOVE, v:1, k:ed@serial, mode:PICK
2026-06-04 21:33:55, MOVE, v:1, k:ed@baruel, mode:EDIT
2026-06-04 21:36:18, MOVE, v:1, k:ed@serial, mode:EDIT
2026-06-04 21:36:18, MOVE, v:1, k:ed@serial, mode:EDIT
2026-06-04 21:36:18, MOVE, v:1, k:ed@serial, mode:EDIT
