2026-04-14 07:18:05, MOVE, v:1, k:ed@eh_primo, mode:DOWN
2026-04-14 07:18:07, MOVE, v:1, k:ed@eh_primo, mode:PICK
2026-04-14 07:18:09, EXEC, v:1, k:ed@eh_primo, mode:FULL, rate:44, size:20
2026-04-14 07:18:18, MOVE, v:1, k:ed@eh_primo, mode:BACK
2026-04-14 07:19:27, MOVE, v:1, k:ed@eh_primo, mode:PICK
2026-04-14 07:19:28, EXEC, v:1, k:ed@eh_primo, mode:FULL, rate:44
2026-04-14 07:19:35, EXEC, v:1, k:ed@eh_primo, mode:FREE
2026-04-14 07:20:27, MOVE, v:1, k:ed@eh_primo, mode:BACK
2026-04-14 07:21:07, MOVE, v:1, k:ed@mumia, mode:DOWN
2026-04-14 07:21:08, MOVE, v:1, k:ed@mumia, mode:PICK
2026-04-14 07:21:09, EXEC, v:1, k:ed@mumia, mode:FULL, rate:0, size:5
2026-04-14 07:21:18, MOVE, v:1, k:ed@mumia, mode:BACK
2026-04-14 07:21:51, MOVE, v:1, k:ed@mumia, mode:PICK
2026-04-14 07:21:52, EXEC, v:1, k:ed@mumia, mode:FULL, rate:0
2026-04-14 07:18:05, MOVE, v:1, k:ed@eh_primo, mode:EDIT
2026-04-14 07:18:05, MOVE, v:1, k:ed@eh_primo, mode:EDIT
2026-04-14 07:18:05, MOVE, v:1, k:ed@eh_primo, mode:EDIT
2026-04-14 07:21:07, MOVE, v:1, k:ed@mumia, mode:EDIT
2026-04-14 07:21:07, MOVE, v:1, k:ed@mumia, mode:EDIT
2026-04-14 07:21:48, MOVE, v:1, k:ed@princesa, mode:EDIT
2026-04-14 07:21:48, MOVE, v:1, k:ed@princesa, mode:EDIT
2026-04-14 07:21:48, MOVE, v:1, k:ed@princesa, mode:EDIT
2026-04-14 07:21:48, MOVE, v:1, k:ed@princesa, mode:EDIT
2026-04-14 07:21:48, MOVE, v:1, k:ed@princesa, mode:EDIT
2026-04-14 07:21:48, MOVE, v:1, k:ed@princesa, mode:EDIT
2026-04-14 07:21:59, MOVE, v:1, k:ed@mumia, mode:BACK
2026-04-14 07:22:39, MOVE, v:1, k:ed@mumia, mode:PICK
2026-04-14 07:23:20, EXEC, v:1, k:ed@mumia, mode:FULL, rate:100, size:23
2026-04-14 07:23:23, MOVE, v:1, k:ed@mumia, mode:BACK
2026-04-14 07:24:47, MOVE, v:1, k:ed@princesa, mode:PICK
2026-04-14 07:24:48, EXEC, v:1, k:ed@princesa, mode:FULL, fail:COMP
2026-04-14 07:24:50, EXEC, v:1, k:ed@princesa, mode:FULL, fail:COMP
2026-04-14 07:24:50, EXEC, v:1, k:ed@princesa, mode:FULL, fail:COMP
2026-04-14 07:24:51, EXEC, v:1, k:ed@princesa, mode:FULL, fail:COMP
2026-04-14 07:24:58, EXEC, v:1, k:ed@princesa, mode:FULL, fail:COMP
2026-04-14 07:25:14, EXEC, v:1, k:ed@princesa, mode:FULL, fail:COMP
2026-04-14 07:25:17, EXEC, v:1, k:ed@princesa, mode:FULL, fail:COMP
2026-04-14 07:26:13, EXEC, v:1, k:ed@princesa, mode:FULL, size:38, fail:COMP
2026-04-14 07:26:14, EXEC, v:1, k:ed@princesa, mode:FULL, fail:COMP
2026-04-14 07:26:42, EXEC, v:1, k:ed@princesa, mode:FULL, rate:0, size:38
2026-04-14 07:23:19, MOVE, v:1, k:ed@mumia, mode:EDIT
2026-04-14 07:26:40, MOVE, v:1, k:ed@princesa, mode:EDIT
2026-04-14 10:11:05, MOVE, v:1, k:eval1@triangulo, mode:DOWN
2026-04-14 10:11:06, MOVE, v:1, k:eval1@triangulo, mode:PICK
2026-04-14 10:11:05, MOVE, v:1, k:eval1@triangulo, mode:EDIT
2026-04-14 10:11:05, MOVE, v:1, k:eval1@triangulo, mode:EDIT
2026-04-14 10:15:19, MOVE, v:1, k:eval1@triangulo, mode:EDIT
2026-04-14 10:15:23, EXEC, v:1, k:eval1@triangulo, mode:FULL, rate:0, size:60
2026-04-14 10:16:17, EXEC, v:1, k:eval1@triangulo, mode:FULL, size:66, fail:COMP
2026-04-14 10:16:30, EXEC, v:1, k:eval1@triangulo, mode:FULL, rate:0, size:67
2026-04-14 10:17:07, EXEC, v:1, k:eval1@triangulo, mode:FULL, rate:0, size:67
2026-04-14 10:18:21, EXEC, v:1, k:eval1@triangulo, mode:FREE, size:67
2026-04-14 10:20:19, MOVE, v:1, k:eval1@triangulo, mode:EDIT
2026-04-14 10:20:53, EXEC, v:1, k:eval1@triangulo, mode:FULL, rate:0, size:67
2026-04-14 10:21:19, EXEC, v:1, k:eval1@triangulo, mode:FULL, rate:0, size:67
2026-04-14 10:21:26, EXEC, v:1, k:eval1@triangulo, mode:FULL, rate:0, size:67
2026-04-14 10:22:17, EXEC, v:1, k:eval1@triangulo, mode:FULL, rate:0, size:67
2026-04-14 10:23:34, EXEC, v:1, k:eval1@triangulo, mode:FULL, rate:0, size:68
2026-04-14 10:23:38, EXEC, v:1, k:eval1@triangulo, mode:FULL, rate:0, size:68
2026-04-14 10:24:01, EXEC, v:1, k:eval1@triangulo, mode:FULL, rate:0, size:68
2026-04-14 10:25:19, MOVE, v:1, k:eval1@triangulo, mode:EDIT
2026-04-14 10:27:55, EXEC, v:1, k:eval1@triangulo, mode:FULL, rate:100, size:71
2026-04-14 10:28:03, MOVE, v:1, k:eval1@triangulo, mode:BACK
2026-04-14 10:28:28, SELF, v:1, k:eval1@triangulo, self:1, rate:100, study:10
2026-04-14 10:28:43, MOVE, v:1, k:eval1@apagando, mode:DOWN
2026-04-14 10:28:44, MOVE, v:1, k:eval1@apagando, mode:PICK
2026-04-14 10:28:45, EXEC, v:1, k:eval1@apagando, mode:FREE, size:4
2026-04-14 10:28:49, EXEC, v:1, k:eval1@apagando, mode:FULL, fail:COMP
2026-04-14 10:27:31, MOVE, v:1, k:eval1@triangulo, mode:EDIT
2026-04-14 10:28:43, MOVE, v:1, k:eval1@apagando, mode:EDIT
2026-04-14 10:28:43, MOVE, v:1, k:eval1@apagando, mode:EDIT
2026-04-14 10:30:19, MOVE, v:1, k:eval1@apagando, mode:EDIT
2026-04-14 10:35:19, MOVE, v:1, k:eval1@apagando, mode:EDIT
2026-04-14 10:37:18, EXEC, v:1, k:eval1@apagando, mode:FULL, rate:8, size:36
2026-04-14 10:38:15, EXEC, v:1, k:eval1@apagando, mode:FULL, rate:8, size:36
2026-04-14 10:38:43, EXEC, v:1, k:eval1@apagando, mode:FULL, rate:0, size:36
2026-04-14 10:39:16, EXEC, v:1, k:eval1@apagando, mode:FULL, rate:8, size:36
2026-04-14 10:40:16, MOVE, v:1, k:eval1@apagando, mode:EDIT
2026-04-14 10:41:13, EXEC, v:1, k:eval1@apagando, mode:FULL, rate:8, size:41
2026-04-14 10:41:32, EXEC, v:1, k:eval1@apagando, mode:FULL, rate:0, size:41
2026-04-14 10:42:08, EXEC, v:1, k:eval1@apagando, mode:FULL, rate:0, size:43
2026-04-14 10:42:16, EXEC, v:1, k:eval1@apagando, mode:FULL, rate:0, size:45
2026-04-14 10:42:22, MOVE, v:1, k:eval1@apagando, mode:BACK
2026-04-14 10:42:26, MOVE, v:1, k:eval1@apagando, mode:PICK
2026-04-14 10:42:28, EXEC, v:1, k:eval1@apagando, mode:FULL, rate:0
2026-04-14 10:42:29, EXEC, v:1, k:eval1@apagando, mode:FREE
2026-04-14 10:44:33, EXEC, v:1, k:eval1@apagando, mode:FULL, rate:0, size:45
2026-04-14 10:44:47, EXEC, v:1, k:eval1@apagando, mode:FULL, rate:0, size:45
2026-04-14 10:45:24, MOVE, v:1, k:eval1@apagando, mode:EDIT
2026-04-14 10:45:31, EXEC, v:1, k:eval1@apagando, mode:FULL, rate:0, size:45
2026-04-14 10:45:37, EXEC, v:1, k:eval1@apagando, mode:FULL, rate:8, size:45
2026-04-14 10:47:12, EXEC, v:1, k:eval1@apagando, mode:FULL, rate:0, size:42
2026-04-14 10:47:40, EXEC, v:1, k:eval1@apagando, mode:FULL, rate:0, size:42
2026-04-14 10:48:07, EXEC, v:1, k:eval1@apagando, mode:FULL, rate:8, size:42
2026-04-14 10:48:13, EXEC, v:1, k:eval1@apagando, mode:FREE, size:42
2026-04-14 10:48:47, EXEC, v:1, k:eval1@apagando, mode:FULL, rate:8, size:42
2026-04-14 10:49:55, EXEC, v:1, k:eval1@apagando, mode:FULL, rate:0, size:42
2026-04-14 10:50:08, EXEC, v:1, k:eval1@apagando, mode:FULL, rate:0
2026-04-14 10:50:23, MOVE, v:1, k:eval1@apagando, mode:EDIT
2026-04-14 10:50:26, EXEC, v:1, k:eval1@apagando, mode:FULL, rate:0, size:42
2026-04-14 10:50:41, EXEC, v:1, k:eval1@apagando, mode:FULL, rate:0, size:42
2026-04-14 10:50:50, EXEC, v:1, k:eval1@apagando, mode:FULL, rate:0, size:42
2026-04-14 10:51:14, EXEC, v:1, k:eval1@apagando, mode:FULL, rate:0, size:44
2026-04-14 10:52:27, EXEC, v:1, k:eval1@apagando, mode:FULL, rate:8, size:55
2026-04-14 10:52:37, EXEC, v:1, k:eval1@apagando, mode:FULL, rate:8, size:55
2026-04-14 10:52:42, EXEC, v:1, k:eval1@apagando, mode:FULL, rate:8, size:55
2026-04-14 10:53:10, EXEC, v:1, k:eval1@apagando, mode:FULL, rate:8, size:55
2026-04-14 10:54:21, EXEC, v:1, k:eval1@apagando, mode:FULL, rate:0, size:56
2026-04-14 10:54:41, EXEC, v:1, k:eval1@apagando, mode:FULL, rate:0, size:57
2026-04-14 10:55:04, EXEC, v:1, k:eval1@apagando, mode:FULL, rate:0, size:57
2026-04-14 10:55:18, EXEC, v:1, k:eval1@apagando, mode:FULL, rate:0, size:60
2026-04-14 10:55:18, MOVE, v:1, k:eval1@apagando, mode:EDIT
2026-04-14 10:55:54, EXEC, v:1, k:eval1@apagando, mode:FULL, size:63, fail:COMP
2026-04-14 10:56:16, EXEC, v:1, k:eval1@apagando, mode:FULL, rate:0, size:63
2026-04-14 10:56:33, EXEC, v:1, k:eval1@apagando, mode:FULL, rate:0, size:63
2026-04-14 10:56:46, EXEC, v:1, k:eval1@apagando, mode:FREE
2026-04-14 10:59:39, EXEC, v:1, k:eval1@apagando, mode:FREE, size:60
2026-04-14 10:59:52, EXEC, v:1, k:eval1@apagando, mode:FULL, rate:8
2026-04-14 10:59:30, MOVE, v:1, k:eval1@apagando, mode:EDIT
2026-04-14 11:03:07, EXEC, v:1, k:eval1@apagando, mode:FULL, rate:0, size:64
2026-04-14 11:03:25, EXEC, v:1, k:eval1@apagando, mode:FULL, rate:0, size:64
2026-04-14 11:05:06, MOVE, v:1, k:eval1@apagando, mode:EDIT
2026-04-14 11:05:58, EXEC, v:1, k:eval1@apagando, mode:FULL, rate:8, size:62
2026-04-14 11:06:12, EXEC, v:1, k:eval1@apagando, mode:FULL, rate:8, size:62
2026-04-14 11:09:31, EXEC, v:1, k:eval1@apagando, mode:FULL, rate:0, size:69
2026-04-14 11:09:41, EXEC, v:1, k:eval1@apagando, mode:FULL, rate:0, size:70
2026-04-14 11:09:41, MOVE, v:1, k:eval1@apagando, mode:EDIT
2026-04-14 11:10:36, EXEC, v:1, k:eval1@apagando, mode:FULL, rate:0, size:71
2026-04-14 11:12:59, EXEC, v:1, k:eval1@apagando, mode:FULL, size:71, fail:COMP
2026-04-14 11:13:07, EXEC, v:1, k:eval1@apagando, mode:FULL, size:72, fail:COMP
2026-04-14 11:13:12, EXEC, v:1, k:eval1@apagando, mode:FULL, fail:COMP
2026-04-14 11:13:18, EXEC, v:1, k:eval1@apagando, mode:FULL, size:72, fail:COMP
2026-04-14 11:13:37, EXEC, v:1, k:eval1@apagando, mode:FULL, rate:0, size:72
2026-04-14 11:14:28, EXEC, v:1, k:eval1@apagando, mode:FULL, rate:0, size:72
2026-04-14 11:14:50, EXEC, v:1, k:eval1@apagando, mode:FULL, size:72, fail:COMP
2026-04-14 11:14:59, EXEC, v:1, k:eval1@apagando, mode:FULL, fail:COMP
2026-04-14 11:15:06, EXEC, v:1, k:eval1@apagando, mode:FULL, rate:0, size:72
2026-04-14 11:15:22, EXEC, v:1, k:eval1@apagando, mode:FULL, rate:0, size:72
2026-04-14 11:15:22, MOVE, v:1, k:eval1@apagando, mode:EDIT
2026-04-14 11:16:03, MOVE, v:1, k:eval1@apagando, mode:BACK
2026-04-14 11:16:24, MOVE, v:1, k:eval1@casais, mode:DOWN
2026-04-14 11:16:58, MOVE, v:1, k:ed@fractais_png, mode:DOWN
2026-04-14 11:17:01, MOVE, v:1, k:ed@fractais_png, mode:PICK
2026-04-14 11:17:02, EXEC, v:1, k:ed@fractais_png, mode:LOCK, rate:0, size:5
2026-04-14 11:17:03, EXEC, v:1, k:ed@fractais_png, mode:LOCK, rate:0
2026-04-14 11:17:09, MOVE, v:1, k:ed@fractais_png, mode:BACK
2026-04-14 11:17:22, MOVE, v:1, k:eval1@apagando, mode:PICK
2026-04-14 11:17:59, MOVE, v:1, k:eval1@apagando, mode:BACK
2026-04-14 11:18:07, MOVE, v:1, k:ed@pintando, mode:DOWN
2026-04-14 11:18:08, MOVE, v:1, k:ed@fuga, mode:DOWN
2026-04-14 11:18:09, MOVE, v:1, k:ed@pedra, mode:DOWN
2026-04-14 11:18:10, MOVE, v:1, k:ed@casais, mode:DOWN
2026-04-14 11:18:11, MOVE, v:1, k:ed@baruel, mode:DOWN
2026-04-14 11:18:12, MOVE, v:1, k:ed@gomos, mode:DOWN
2026-04-14 11:18:15, MOVE, v:1, k:ed@apagando, mode:DOWN
2026-04-14 11:18:16, MOVE, v:1, k:ed@manipulacao, mode:DOWN
2026-04-14 11:18:16, MOVE, v:1, k:ed@especiais, mode:DOWN
2026-04-14 11:18:17, MOVE, v:1, k:ed@buscas, mode:DOWN
2026-04-14 11:18:18, MOVE, v:1, k:ed@rotacoes, mode:DOWN
2026-04-14 11:18:19, MOVE, v:1, k:ed@alternando, mode:DOWN
2026-04-14 11:18:22, MOVE, v:1, k:ed@triangulo, mode:DOWN
2026-04-14 11:18:23, MOVE, v:1, k:ed@treinando, mode:DOWN
2026-04-14 11:18:24, MOVE, v:1, k:ed@resto, mode:DOWN
2026-04-14 11:18:25, MOVE, v:1, k:ed@mdc, mode:DOWN
2026-04-14 11:18:25, MOVE, v:1, k:ed@queimada, mode:DOWN
2026-04-14 11:18:26, MOVE, v:1, k:ed@labirinto, mode:DOWN
2026-04-14 11:18:27, MOVE, v:1, k:ed@eh_primo, mode:PICK
2026-04-14 11:18:28, MOVE, v:1, k:ed@eh_primo, mode:BACK
2026-04-14 11:18:29, MOVE, v:1, k:ed@vetequals, mode:DOWN
2026-04-14 11:18:30, MOVE, v:1, k:ed@enesimo, mode:DOWN
2026-04-14 11:18:31, MOVE, v:1, k:ed@priminhos, mode:DOWN
2026-04-14 11:18:31, MOVE, v:1, k:ed@escada, mode:DOWN
2026-04-14 11:18:32, MOVE, v:1, k:ed@binomiais, mode:DOWN
2026-04-14 11:18:33, MOVE, v:1, k:ed@diagonal, mode:DOWN
2026-04-14 11:18:37, MOVE, v:1, k:ed@sufixos, mode:DOWN
2026-04-14 11:18:38, MOVE, v:1, k:ed@padroes1, mode:DOWN
2026-04-14 11:18:39, MOVE, v:1, k:ed@padroes2, mode:DOWN
2026-04-14 11:18:39, MOVE, v:1, k:ed@padroes3, mode:DOWN
2026-04-14 11:18:40, MOVE, v:1, k:ed@quadrado, mode:DOWN
2026-04-14 11:18:40, MOVE, v:1, k:ed@fib1, mode:DOWN
2026-04-14 11:18:41, MOVE, v:1, k:ed@fib2, mode:DOWN
2026-04-14 11:18:42, MOVE, v:1, k:ed@santo, mode:DOWN
2026-04-14 11:18:42, MOVE, v:1, k:ed@bitcoin, mode:DOWN
2026-04-14 11:18:43, MOVE, v:1, k:ed@fractais_png, mode:PICK
2026-04-14 11:18:44, MOVE, v:1, k:ed@fractais_png, mode:BACK
2026-04-14 11:19:40, MOVE, v:1, k:eval1@triangulo, mode:PICK
2026-04-14 11:19:40, EXEC, v:1, k:eval1@triangulo, mode:FULL, rate:100
2026-04-14 11:19:41, MOVE, v:1, k:eval1@triangulo, mode:BACK
2026-04-14 11:19:46, MOVE, v:1, k:eval1@apagando, mode:PICK
2026-04-14 11:19:47, EXEC, v:1, k:eval1@apagando, mode:FULL, rate:0
2026-04-14 11:24:32, MOVE, v:1, k:eval1@apagando, mode:EDIT
2026-04-14 11:25:44, EXEC, v:1, k:eval1@apagando, mode:FULL, rate:0, size:46
2026-04-14 11:27:23, MOVE, v:1, k:eval1@apagando, mode:BACK
2026-04-14 11:27:34, MOVE, v:1, k:eval1@apagando, mode:PICK
2026-04-14 11:27:59, EXEC, v:1, k:eval1@apagando, mode:FULL, rate:0
2026-04-14 11:29:33, MOVE, v:1, k:eval1@apagando, mode:EDIT
2026-04-14 11:29:52, EXEC, v:1, k:eval1@apagando, mode:FULL, rate:0, size:48
2026-04-14 11:30:32, EXEC, v:1, k:eval1@apagando, mode:FULL, rate:8, size:47
2026-04-14 11:30:35, MOVE, v:1, k:eval1@apagando, mode:BACK
2026-04-14 11:30:56, MOVE, v:1, k:eval1@baruel, mode:DOWN
2026-04-14 11:30:56, MOVE, v:1, k:eval1@baruel, mode:PICK
2026-04-14 11:30:29, MOVE, v:1, k:eval1@apagando, mode:EDIT
2026-04-14 11:30:56, MOVE, v:1, k:eval1@baruel, mode:EDIT
2026-04-14 11:30:56, MOVE, v:1, k:eval1@baruel, mode:EDIT
2026-04-14 11:34:32, MOVE, v:1, k:eval1@baruel, mode:EDIT
2026-04-14 11:38:51, EXEC, v:1, k:eval1@baruel, mode:FULL, rate:0, size:29
2026-04-14 11:39:33, EXEC, v:1, k:eval1@baruel, mode:FULL, size:34, fail:COMP
2026-04-14 11:39:33, MOVE, v:1, k:eval1@baruel, mode:EDIT
2026-04-14 11:39:41, EXEC, v:1, k:eval1@baruel, mode:FULL, fail:COMP
2026-04-14 11:39:44, EXEC, v:1, k:eval1@baruel, mode:FULL, rate:0, size:34
2026-04-14 11:42:39, MOVE, v:1, k:eval1@baruel, mode:EDIT
2026-04-14 11:47:51, EXEC, v:1, k:eval1@baruel, mode:FULL, size:41, fail:COMP
2026-04-14 11:48:07, EXEC, v:1, k:eval1@baruel, mode:FULL, rate:0, size:41
2026-04-14 11:48:46, EXEC, v:1, k:eval1@baruel, mode:FULL, rate:0, size:41
2026-04-14 11:49:17, EXEC, v:1, k:eval1@baruel, mode:FULL, rate:0
2026-04-14 11:49:23, EXEC, v:1, k:eval1@baruel, mode:FULL, rate:0, size:41
2026-04-14 11:49:27, EXEC, v:1, k:eval1@baruel, mode:FULL, rate:0
2026-04-14 11:49:22, MOVE, v:1, k:eval1@baruel, mode:EDIT
2026-04-14 11:49:49, EXEC, v:1, k:eval1@baruel, mode:FULL, rate:0, size:44
2026-04-14 11:49:56, EXEC, v:1, k:eval1@baruel, mode:FULL, rate:0, size:44
2026-04-14 11:51:03, EXEC, v:1, k:eval1@baruel, mode:FULL, rate:0, size:43
2026-04-14 11:51:16, EXEC, v:1, k:eval1@baruel, mode:FULL, rate:0, size:42
2026-04-14 11:51:33, EXEC, v:1, k:eval1@baruel, mode:FULL, rate:0, size:42
2026-04-14 11:51:54, EXEC, v:1, k:eval1@baruel, mode:FULL, rate:0, size:42
2026-04-14 11:52:27, EXEC, v:1, k:eval1@baruel, mode:FULL, rate:0, size:43
2026-04-14 11:52:48, EXEC, v:1, k:eval1@baruel, mode:FULL, rate:0, size:46
2026-04-14 11:54:05, EXEC, v:1, k:eval1@baruel, mode:FULL, rate:0, size:48
2026-04-14 11:54:04, MOVE, v:1, k:eval1@baruel, mode:EDIT
2026-04-14 11:55:46, EXEC, v:1, k:eval1@baruel, mode:FULL, size:57, fail:COMP
2026-04-14 11:56:02, EXEC, v:1, k:eval1@baruel, mode:FULL, size:57, fail:COMP
2026-04-14 11:56:10, EXEC, v:1, k:eval1@baruel, mode:FULL, rate:0, size:57
2026-04-14 11:57:57, EXEC, v:1, k:eval1@baruel, mode:FULL, rate:0
2026-04-14 11:58:23, EXEC, v:1, k:eval1@baruel, mode:FULL, rate:0, size:57
2026-04-14 11:59:29, EXEC, v:1, k:eval1@baruel, mode:FULL, rate:0, size:59
2026-04-14 11:59:28, MOVE, v:1, k:eval1@baruel, mode:EDIT
2026-04-14 12:00:51, EXEC, v:1, k:eval1@baruel, mode:FULL, rate:0
