2026-06-08 12:45:51, MOVE, v:1, k:ed@serial, mode:PICK
2026-06-08 12:45:53, EXEC, v:1, k:ed@serial, mode:FULL, rate:0, size:65
2026-06-08 12:54:37, MOVE, v:1, k:ed@serial, mode:EDIT
2026-06-08 12:59:39, MOVE, v:1, k:ed@serial, mode:EDIT
2026-06-08 13:04:41, MOVE, v:1, k:ed@serial, mode:EDIT
2026-06-08 13:09:40, MOVE, v:1, k:ed@serial, mode:EDIT
2026-06-08 13:14:33, MOVE, v:1, k:ed@serial, mode:EDIT
2026-06-08 13:17:45, MOVE, v:1, k:ed@serial, mode:BACK
2026-06-08 13:17:11, MOVE, v:1, k:ed@serial, mode:EDIT
2026-06-08 13:20:20, MOVE, v:1, k:ed@gomos, mode:PICK
2026-06-08 13:20:21, EXEC, v:1, k:ed@gomos, mode:FULL, rate:0
2026-06-08 13:22:07, MOVE, v:1, k:ed@gomos, mode:EDIT
2026-06-08 13:37:50, MOVE, v:1, k:ed@gomos, mode:EDIT
2026-06-08 13:42:44, MOVE, v:1, k:ed@gomos, mode:EDIT
2026-06-08 13:45:41, EXEC, v:1, k:ed@gomos, mode:FULL, rate:0, size:40
2026-06-08 13:47:32, MOVE, v:1, k:ed@gomos, mode:EDIT
2026-06-08 13:48:45, EXEC, v:1, k:ed@gomos, mode:FULL, rate:0, size:45
2026-06-08 13:52:49, MOVE, v:1, k:ed@gomos, mode:EDIT
2026-06-08 13:54:09, EXEC, v:1, k:ed@gomos, mode:FULL, rate:0, size:54
2026-06-08 13:54:26, EXEC, v:1, k:ed@gomos, mode:FULL, rate:0, size:47
2026-06-08 13:54:24, MOVE, v:1, k:ed@gomos, mode:EDIT
2026-06-08 13:59:13, EXEC, v:1, k:ed@gomos, mode:FULL, rate:0, size:47
2026-06-08 14:01:35, EXEC, v:1, k:ed@gomos, mode:FULL, rate:16, size:49
2026-06-08 14:02:26, EXEC, v:1, k:ed@gomos, mode:FULL, rate:16, size:43
2026-06-08 14:02:49, MOVE, v:1, k:ed@gomos, mode:EDIT
2026-06-08 14:02:58, EXEC, v:1, k:ed@gomos, mode:FULL, rate:0, size:43
2026-06-08 14:06:15, EXEC, v:1, k:ed@gomos, mode:FULL, rate:100, size:43
2026-06-08 14:06:17, MOVE, v:1, k:ed@gomos, mode:BACK
2026-06-08 14:06:23, SELF, v:1, k:ed@gomos, self:1, rate:100
