2026-05-01 15:57:06, MOVE, v:1, k:ed@lista_d1, mode:PICK
2026-05-01 15:57:07, EXEC, v:1, k:ed@lista_d1, mode:FULL, fail:COMP
2026-05-01 15:58:38, MOVE, v:1, k:ed@lista_d1, mode:EDIT
2026-05-01 16:36:23, MOVE, v:1, k:ed@lista_d1, mode:EDIT
2026-05-01 16:49:39, MOVE, v:1, k:ed@lista_d1, mode:EDIT
2026-05-01 16:56:55, MOVE, v:1, k:ed@lista_d1, mode:EDIT
2026-05-01 17:00:37, MOVE, v:1, k:ed@lista_d1, mode:EDIT
2026-05-01 17:06:59, MOVE, v:1, k:ed@lista_d1, mode:EDIT
2026-05-01 17:08:07, MOVE, v:1, k:ed@lista_d1, mode:EDIT
2026-05-01 17:16:54, EXEC, v:1, k:ed@lista_d1, mode:FULL, rate:14, size:103
2026-05-01 17:12:53, MOVE, v:1, k:ed@lista_d1, mode:EDIT
2026-05-01 17:22:00, MOVE, v:1, k:ed@lista_d1, mode:EDIT
2026-05-01 17:26:53, MOVE, v:1, k:ed@lista_d1, mode:EDIT
2026-05-01 21:16:43, EXEC, v:1, k:ed@lista_d1, mode:FULL, rate:14, size:116
2026-05-01 21:16:37, MOVE, v:1, k:ed@lista_d1, mode:EDIT
2026-05-01 21:21:13, MOVE, v:1, k:ed@lista_d1, mode:EDIT
2026-05-01 21:26:22, EXEC, v:1, k:ed@lista_d1, mode:FULL, rate:14, size:127
2026-05-01 21:26:54, EXEC, v:1, k:ed@lista_d1, mode:FULL, rate:14
2026-05-01 21:26:58, EXEC, v:1, k:ed@lista_d1, mode:FULL, rate:14
2026-05-01 21:27:03, EXEC, v:1, k:ed@lista_d1, mode:FULL, rate:14
2026-05-01 21:27:07, EXEC, v:1, k:ed@lista_d1, mode:FULL, rate:14
2026-05-01 21:26:01, MOVE, v:1, k:ed@lista_d1, mode:EDIT
2026-05-01 21:27:12, EXEC, v:1, k:ed@lista_d1, mode:FULL, rate:14
2026-05-01 21:30:30, EXEC, v:1, k:ed@lista_d1, mode:FULL, rate:42, size:127
2026-05-01 21:30:27, MOVE, v:1, k:ed@lista_d1, mode:EDIT
2026-05-01 21:36:26, MOVE, v:1, k:ed@lista_d1, mode:EDIT
2026-05-01 21:42:57, MOVE, v:1, k:ed@lista_d1, mode:EDIT
2026-05-01 21:43:23, EXEC, v:1, k:ed@lista_d1, mode:FULL, size:137, fail:COMP
2026-05-01 21:43:25, EXEC, v:1, k:ed@lista_d1, mode:FULL, fail:COMP
2026-05-01 21:43:30, EXEC, v:1, k:ed@lista_d1, mode:FULL, size:137, fail:COMP
2026-05-01 21:43:56, EXEC, v:1, k:ed@lista_d1, mode:FULL, size:137, fail:COMP
2026-05-01 21:44:21, EXEC, v:1, k:ed@lista_d1, mode:FULL, rate:57, size:137
2026-05-01 21:45:43, EXEC, v:1, k:ed@lista_d1, mode:FULL, rate:71, size:147
2026-05-01 21:47:46, MOVE, v:1, k:ed@lista_d1, mode:EDIT
2026-05-01 21:49:18, EXEC, v:1, k:ed@lista_d1, mode:FULL, size:152, fail:COMP
2026-05-01 21:49:19, EXEC, v:1, k:ed@lista_d1, mode:FULL, fail:COMP
2026-05-01 21:52:18, EXEC, v:1, k:ed@lista_d1, mode:FULL, rate:85, size:150
2026-05-01 21:52:53, MOVE, v:1, k:ed@lista_d1, mode:EDIT
2026-05-01 21:53:52, EXEC, v:1, k:ed@lista_d1, mode:FULL, size:159, fail:COMP
2026-05-01 21:53:59, EXEC, v:1, k:ed@lista_d1, mode:FULL, rate:100, size:159
2026-05-01 21:54:04, MOVE, v:1, k:ed@lista_d1, mode:BACK
2026-05-01 21:54:16, SELF, v:1, k:ed@lista_d1, self:1, rate:100
2026-05-01 21:54:42, SELF, v:1, k:ed@vetbuild, self:1, rate:100
2026-05-01 21:54:50, SELF, v:1, k:ed@setbuild, self:1, rate:100
2026-05-01 21:54:58, SELF, v:1, k:ed@bettersearch, self:1, rate:100
2026-05-01 21:55:00, MOVE, v:1, k:ed@multiset, mode:PICK
2026-05-01 21:55:02, MOVE, v:1, k:ed@multiset, mode:BACK
2026-05-01 21:55:07, SELF, v:1, k:ed@multiset, self:1, rate:100
2026-05-01 21:56:05, MOVE, v:1, k:ed@lista_d2, mode:DOWN
2026-05-01 21:56:07, MOVE, v:1, k:ed@lista_d2, mode:PICK
2026-05-01 21:56:09, EXEC, v:1, k:ed@lista_d2, mode:FULL, rate:0, size:93
2026-05-01 21:53:59, MOVE, v:1, k:ed@lista_d1, mode:EDIT
2026-05-01 21:56:05, MOVE, v:1, k:ed@lista_d2, mode:EDIT
2026-05-01 21:56:05, MOVE, v:1, k:ed@lista_d2, mode:EDIT
2026-05-01 21:56:05, MOVE, v:1, k:ed@lista_d2, mode:EDIT
2026-05-01 21:56:05, MOVE, v:1, k:ed@lista_d2, mode:EDIT
2026-05-01 21:58:47, MOVE, v:1, k:ed@lista_d2, mode:EDIT
2026-05-01 22:09:09, MOVE, v:1, k:ed@lista_d2, mode:EDIT
2026-05-01 22:12:51, MOVE, v:1, k:ed@lista_d2, mode:EDIT
2026-05-01 22:19:11, MOVE, v:1, k:ed@lista_d2, mode:EDIT
2026-05-01 22:20:19, EXEC, v:1, k:ed@lista_d2, mode:FULL, size:124, fail:COMP
2026-05-01 22:20:20, EXEC, v:1, k:ed@lista_d2, mode:FULL, fail:COMP
2026-05-01 22:21:18, EXEC, v:1, k:ed@lista_d2, mode:FULL, rate:0, size:132
2026-05-01 22:23:36, EXEC, v:1, k:ed@lista_d2, mode:FULL, size:145, fail:COMP
2026-05-01 22:24:00, EXEC, v:1, k:ed@lista_d2, mode:FULL, rate:0, size:145
2026-05-01 22:23:58, MOVE, v:1, k:ed@lista_d2, mode:EDIT
2026-05-01 22:29:13, MOVE, v:1, k:ed@lista_d2, mode:EDIT
2026-05-01 22:33:40, EXEC, v:1, k:ed@lista_d2, mode:FULL, rate:0, size:163
2026-05-01 22:33:39, MOVE, v:1, k:ed@lista_d2, mode:EDIT
2026-05-01 22:37:41, MOVE, v:1, k:ed@lista_d2, mode:EDIT
2026-05-01 22:42:04, EXEC, v:1, k:ed@lista_d2, mode:FULL, rate:0, size:164
2026-05-01 22:43:08, MOVE, v:1, k:ed@lista_d2, mode:BACK
