2026-05-12 13:53:58, MOVE, v:1, k:ed@editorint, mode:PICK
2026-05-12 13:58:33, MOVE, v:1, k:ed@editorint, mode:EDIT
2026-05-12 14:01:43, EXEC, v:1, k:ed@editorint, mode:FREE
2026-05-12 14:03:08, EXEC, v:1, k:ed@editorint, mode:FREE
2026-05-12 14:03:52, MOVE, v:1, k:ed@editorint, mode:EDIT
2026-05-12 14:05:54, EXEC, v:1, k:ed@editorint, mode:FREE
2026-05-12 14:08:38, EXEC, v:1, k:ed@editorint, mode:FREE
2026-05-12 14:08:21, MOVE, v:1, k:ed@editorint, mode:EDIT
2026-05-12 14:09:48, EXEC, v:1, k:ed@editorint, mode:FREE
2026-05-12 14:10:17, MOVE, v:1, k:ed@editorint, mode:EDIT
2026-05-12 14:14:45, EXEC, v:1, k:ed@editorint, mode:FREE
2026-05-12 14:15:50, EXEC, v:1, k:ed@editorint, mode:FREE
2026-05-12 14:16:22, EXEC, v:1, k:ed@editorint, mode:FREE
2026-05-12 14:16:16, MOVE, v:1, k:ed@editorint, mode:EDIT
2026-05-12 14:29:38, EXEC, v:1, k:ed@editorint, mode:FREE
2026-05-12 14:29:50, EXEC, v:1, k:ed@editorint, mode:FREE
2026-05-12 14:31:34, EXEC, v:1, k:ed@editorint, mode:FREE
2026-05-12 14:32:18, EXEC, v:1, k:ed@editorint, mode:FREE
2026-05-12 14:32:15, MOVE, v:1, k:ed@editorint, mode:EDIT
2026-05-12 14:34:23, MOVE, v:1, k:ed@editorint, mode:EDIT
2026-05-12 14:43:34, EXEC, v:1, k:ed@editorint, mode:FREE
2026-05-12 14:43:31, MOVE, v:1, k:ed@editorint, mode:EDIT
2026-05-12 16:05:54, MOVE, v:1, k:ed@editorint, mode:PICK
2026-05-12 16:07:29, MOVE, v:1, k:ed@editorint, mode:EDIT
2026-05-12 16:14:28, EXEC, v:1, k:ed@editorint, mode:FREE
2026-05-12 16:12:58, MOVE, v:1, k:ed@editorint, mode:EDIT
2026-05-12 16:16:21, EXEC, v:1, k:ed@editorint, mode:FREE
2026-05-12 16:17:28, MOVE, v:1, k:ed@editorint, mode:EDIT
2026-05-12 16:25:24, MOVE, v:1, k:ed@editorint, mode:EDIT
2026-05-12 16:26:37, EXEC, v:1, k:ed@editorint, mode:FREE
2026-05-12 16:27:08, EXEC, v:1, k:ed@editorint, mode:FREE
2026-05-12 16:30:07, EXEC, v:1, k:ed@editorint, mode:FREE
2026-05-12 16:30:23, EXEC, v:1, k:ed@editorint, mode:FREE
2026-05-12 16:30:02, MOVE, v:1, k:ed@editorint, mode:EDIT
2026-05-12 16:33:56, MOVE, v:1, k:ed@editorint, mode:BACK
2026-05-12 16:34:05, SELF, v:1, k:ed@editorint, self:1, rate:100
