2026-05-30 17:59:00, MOVE, v:1, k:ed@pilha, mode:PICK
2026-05-30 18:27:42, MOVE, v:1, k:ed@pilha, mode:EDIT
2026-05-30 18:28:08, EXEC, v:1, k:ed@pilha, mode:FULL, size:84, fail:COMP
2026-05-30 18:28:09, EXEC, v:1, k:ed@pilha, mode:FULL, fail:COMP
2026-05-30 18:29:19, EXEC, v:1, k:ed@pilha, mode:FULL, size:84, fail:COMP
2026-05-30 18:29:19, EXEC, v:1, k:ed@pilha, mode:FULL, size:84, fail:COMP
2026-05-30 18:32:31, EXEC, v:1, k:ed@pilha, mode:FULL, rate:0, size:89
2026-05-30 18:32:09, MOVE, v:1, k:ed@pilha, mode:EDIT
2026-05-30 18:33:10, EXEC, v:1, k:ed@pilha, mode:FULL, rate:33, size:89
2026-05-30 18:35:02, EXEC, v:1, k:ed@pilha, mode:FULL, rate:33, size:94
2026-05-30 18:36:38, MOVE, v:1, k:ed@pilha, mode:EDIT
2026-05-30 18:39:50, MOVE, v:1, k:ed@pilha, mode:BACK
2026-05-30 18:40:00, MOVE, v:1, k:ed@setbuild, mode:PICK
2026-05-30 18:40:45, MOVE, v:1, k:ed@setbuild, mode:BACK
2026-05-30 18:40:49, MOVE, v:1, k:ed@multiset, mode:PICK
2026-05-30 18:41:32, MOVE, v:1, k:ed@multiset, mode:BACK
2026-05-30 18:41:37, MOVE, v:1, k:ed@pilha, mode:PICK
2026-05-30 18:41:40, EXEC, v:1, k:ed@pilha, mode:FULL, rate:33, size:111
2026-05-30 18:42:13, EXEC, v:1, k:ed@pilha, mode:FULL, rate:33, size:112
2026-05-30 18:42:40, EXEC, v:1, k:ed@pilha, mode:FULL, rate:33, size:112
2026-05-30 18:42:44, EXEC, v:1, k:ed@pilha, mode:FULL, rate:33
2026-05-30 18:42:36, MOVE, v:1, k:ed@pilha, mode:EDIT
2026-05-30 18:46:50, EXEC, v:1, k:ed@pilha, mode:FULL, rate:33, size:112
2026-05-30 18:47:15, MOVE, v:1, k:ed@pilha, mode:EDIT
2026-05-30 18:49:01, EXEC, v:1, k:ed@pilha, mode:FULL, size:114, fail:COMP
2026-05-30 18:51:30, EXEC, v:1, k:ed@pilha, mode:FULL, rate:33, size:116
2026-05-30 18:51:58, EXEC, v:1, k:ed@pilha, mode:FULL, rate:33, size:116
2026-05-30 18:51:57, MOVE, v:1, k:ed@pilha, mode:EDIT
2026-05-30 18:55:12, EXEC, v:1, k:ed@pilha, mode:FULL, rate:33, size:116
2026-05-30 18:57:46, MOVE, v:1, k:ed@pilha, mode:EDIT
2026-05-30 18:58:57, EXEC, v:1, k:ed@pilha, mode:FULL, size:124, fail:COMP
2026-05-30 18:59:43, EXEC, v:1, k:ed@pilha, mode:FULL, rate:33, size:125
2026-05-30 19:00:00, EXEC, v:1, k:ed@pilha, mode:FULL, rate:100, size:125
2026-05-30 19:00:04, MOVE, v:1, k:ed@pilha, mode:BACK
2026-05-30 19:00:09, SELF, v:1, k:ed@pilha, self:1, rate:100
2026-05-30 19:00:12, MOVE, v:1, k:ed@pilha, mode:PICK
2026-05-30 19:00:13, EXEC, v:1, k:ed@pilha, mode:FULL, rate:100
2026-05-30 19:00:16, MOVE, v:1, k:ed@pilha, mode:BACK
2026-05-30 18:59:59, MOVE, v:1, k:ed@pilha, mode:EDIT
2026-05-30 19:04:37, SELF, v:1, k:ed@pilha, self:1, rate:100, study:60
2026-05-30 19:04:54, MOVE, v:1, k:ed@chaves, mode:DOWN
2026-05-30 19:04:55, MOVE, v:1, k:ed@chaves, mode:PICK
2026-05-30 19:04:54, MOVE, v:1, k:ed@chaves, mode:EDIT
2026-05-30 19:04:54, MOVE, v:1, k:ed@chaves, mode:EDIT
2026-05-30 19:04:54, MOVE, v:1, k:ed@chaves, mode:EDIT
2026-05-30 19:04:54, MOVE, v:1, k:ed@chaves, mode:EDIT
2026-05-30 19:08:27, MOVE, v:1, k:ed@chaves, mode:BACK
2026-05-30 22:34:22, MOVE, v:1, k:ed@chaves, mode:PICK
2026-05-30 22:37:54, MOVE, v:1, k:ed@chaves, mode:EDIT
2026-05-30 22:40:26, MOVE, v:1, k:ed@chaves, mode:EDIT
2026-05-30 22:47:54, MOVE, v:1, k:ed@chaves, mode:EDIT
2026-05-30 22:48:04, EXEC, v:1, k:ed@chaves, mode:FULL, rate:0, size:56
2026-05-30 22:52:47, EXEC, v:1, k:ed@chaves, mode:FULL, rate:0, size:56
2026-05-30 22:52:52, MOVE, v:1, k:ed@chaves, mode:EDIT
2026-05-30 22:53:04, EXEC, v:1, k:ed@chaves, mode:FULL, rate:0, size:56
2026-05-30 22:53:20, EXEC, v:1, k:ed@chaves, mode:FULL, rate:0, size:56
2026-05-30 22:53:33, EXEC, v:1, k:ed@chaves, mode:FULL, size:56, fail:COMP
2026-05-30 22:54:06, EXEC, v:1, k:ed@chaves, mode:FULL, rate:0, size:56
2026-05-30 22:56:01, EXEC, v:1, k:ed@chaves, mode:FULL, rate:0, size:56
2026-05-30 22:53:39, MOVE, v:1, k:ed@chaves, mode:EDIT
2026-05-30 22:55:58, MOVE, v:1, k:ed@chaves, mode:EDIT
2026-05-30 23:02:10, MOVE, v:1, k:ed@chaves, mode:EDIT
2026-05-30 23:06:25, MOVE, v:1, k:ed@chaves, mode:EDIT
2026-05-30 23:09:41, MOVE, v:1, k:ed@chaves, mode:EDIT
2026-05-30 23:17:55, MOVE, v:1, k:ed@chaves, mode:EDIT
2026-05-30 23:19:45, EXEC, v:1, k:ed@chaves, mode:FULL, rate:0, size:73
2026-05-30 23:20:53, EXEC, v:1, k:ed@chaves, mode:FULL, rate:0, size:73
2026-05-30 23:20:51, MOVE, v:1, k:ed@chaves, mode:EDIT
2026-05-30 23:24:06, EXEC, v:1, k:ed@chaves, mode:FULL, rate:0, size:73
2026-05-30 23:24:25, EXEC, v:1, k:ed@chaves, mode:FULL, rate:0, size:73
2026-05-30 23:24:41, EXEC, v:1, k:ed@chaves, mode:FULL, rate:0, size:73
2026-05-30 23:24:43, EXEC, v:1, k:ed@chaves, mode:FULL, rate:0
2026-05-30 23:25:37, EXEC, v:1, k:ed@chaves, mode:FULL, rate:100, size:73
2026-05-30 23:24:40, MOVE, v:1, k:ed@chaves, mode:EDIT
2026-05-30 23:25:35, MOVE, v:1, k:ed@chaves, mode:EDIT
2026-05-30 23:32:19, MOVE, v:1, k:ed@chaves, mode:BACK
2026-05-30 23:32:37, MOVE, v:1, k:ed@chaves, mode:PICK
2026-05-30 23:32:38, MOVE, v:1, k:ed@chaves, mode:BACK
2026-05-30 23:32:43, SELF, v:1, k:ed@chaves, self:1, rate:100, study:64
2026-05-30 23:45:15, MOVE, v:1, k:ed@queimando, mode:DOWN
2026-05-30 23:45:16, MOVE, v:1, k:ed@queimando, mode:PICK
2026-05-30 23:45:15, MOVE, v:1, k:ed@queimando, mode:EDIT
2026-05-30 23:45:15, MOVE, v:1, k:ed@queimando, mode:EDIT
2026-05-30 23:45:15, MOVE, v:1, k:ed@queimando, mode:EDIT
2026-05-30 23:45:15, MOVE, v:1, k:ed@queimando, mode:EDIT
